Time      Power          Hist_Power     FR_Position    CR_Position    RHO            InsertRho      
0.00      1.625920e-09   1.625920e-09   0.0000         22.6200        0.0000         1018.9385      
1.00      1.627910e-09   1.862090e-09   0.2900         22.6200        0.8092         1019.7477      
2.00      1.631942e-09   8.365660e-10   0.8000         22.6200        2.2323         1021.1708      
3.01      1.635651e-09   1.700912e-09   1.1449         22.6200        3.1947         1022.1332      
4.01      1.640738e-09   9.997167e-10   1.6334         22.6200        4.5578         1023.4963      
5.01      1.645435e-09   1.533917e-09   1.9750         22.6200        5.5110         1024.4495      
6.01      1.651572e-09   9.439618e-10   2.4734         22.6200        6.9018         1025.8402      
7.01      1.657213e-09   1.473493e-09   2.8133         22.6200        7.8502         1026.7887      
8.01      1.663064e-09   1.756099e-09   3.1451         22.6200        8.7761         1027.7145      
9.01      1.670496e-09   1.577122e-09   3.6532         22.6200        10.1939        1029.1323      
10.01     1.677201e-09   1.706547e-09   3.9704         22.6200        11.0790        1030.0175      
11.01     1.682124e-09   1.559461e-09   4.0099         22.6200        11.2050        1030.1434      
12.01     1.686344e-09   1.726040e-09   3.9999         22.6200        11.1613        1030.0998      
13.01     1.690337e-09   1.551217e-09   3.9900         22.6200        11.1337        1030.0722      
14.01     1.694216e-09   1.785888e-09   3.9900         22.6200        11.1337        1030.0722      
15.01     1.697958e-09   1.524256e-09   3.9900         22.6200        11.1337        1030.0722      
16.01     1.701585e-09   1.715522e-09   3.9900         22.6200        11.1337        1030.0722      
17.01     1.705112e-09   1.482411e-09   3.9900         22.6200        11.1337        1030.0722      
18.00     1.708517e-09   1.809260e-09   3.9900         22.6200        11.1337        1030.0722      
19.00     1.711879e-09   1.640590e-09   3.9900         22.6200        11.1337        1030.0722      
20.00     1.715174e-09   1.830210e-09   3.9900         22.6200        11.1337        1030.0722      
21.00     1.718407e-09   1.659590e-09   3.9900         22.6200        11.1337        1030.0722      
22.00     1.721587e-09   1.851400e-09   3.9900         22.6200        11.1337        1030.0722      
23.00     1.724718e-09   1.650060e-09   3.9900         22.6200        11.1337        1030.0722      
24.00     1.727805e-09   1.894520e-09   3.9900         22.6200        11.1337        1030.0722      
25.00     1.730853e-09   1.566750e-09   3.9900         22.6200        11.1337        1030.0722      
26.00     1.733866e-09   9.495110e-10   3.9900         22.6200        11.1337        1030.0722      
27.00     1.736846e-09   1.603250e-09   3.9900         22.6200        11.1337        1030.0722      
28.00     1.739797e-09   1.035140e-09   3.9900         22.6200        11.1337        1030.0722      
29.00     1.742722e-09   1.631170e-09   3.9900         22.6200        11.1337        1030.0722      
30.00     1.745623e-09   1.594040e-09   3.9900         22.6200        11.1337        1030.0722      
31.00     1.748502e-09   1.747830e-09   3.9900         22.6200        11.1337        1030.0722      
32.00     1.751360e-09   1.531090e-09   3.9900         22.6200        11.1337        1030.0722      
33.00     1.754201e-09   1.678800e-09   3.9900         22.6200        11.1337        1030.0722      
34.00     1.757025e-09   1.659590e-09   3.9900         22.6200        11.1337        1030.0722      
35.00     1.759833e-09   1.788550e-09   3.9900         22.6200        11.1337        1030.0722      
36.00     1.762628e-09   1.230270e-09   3.9900         22.6200        11.1337        1030.0722      
37.00     1.765409e-09   1.768070e-09   3.9900         22.6200        11.1337        1030.0722      
38.00     1.768180e-09   1.071520e-09   3.9900         22.6200        11.1337        1030.0722      
39.00     1.770939e-09   1.698240e-09   3.9900         22.6200        11.1337        1030.0722      
40.00     1.773689e-09   1.109180e-09   3.9900         22.6200        11.1337        1030.0722      
41.00     1.776430e-09   1.809260e-09   3.9900         22.6200        11.1337        1030.0722      
42.00     1.779162e-09   1.053170e-09   3.9900         22.6200        11.1337        1030.0722      
43.00     1.781888e-09   1.798870e-09   3.9900         22.6200        11.1337        1030.0722      
44.01     1.784633e-09   9.790908e-10   3.9900         22.6200        11.1337        1030.0722      
45.01     1.787346e-09   1.714298e-09   3.9900         22.6200        11.1337        1030.0722      
46.01     1.790053e-09   1.360661e-09   3.9900         22.6200        11.1337        1030.0722      
47.01     1.792754e-09   1.743234e-09   3.9900         22.6200        11.1337        1030.0722      
48.01     1.795452e-09   1.293150e-09   3.9900         22.6200        11.1337        1030.0722      
49.01     1.798145e-09   1.772659e-09   3.9900         22.6200        11.1337        1030.0722      
50.01     1.800835e-09   1.221306e-09   3.9900         22.6200        11.1337        1030.0722      
51.01     1.803521e-09   1.721580e-09   3.9900         22.6200        11.1337        1030.0722      
52.01     1.806205e-09   1.109979e-09   3.9900         22.6200        11.1337        1030.0722      
53.01     1.808886e-09   1.811795e-09   3.9900         22.6200        11.1337        1030.0722      
54.01     1.811566e-09   1.036793e-09   3.9900         22.6200        11.1337        1030.0722      
55.01     1.814243e-09   1.784077e-09   3.9900         22.6200        11.1337        1030.0722      
56.01     1.816919e-09   1.346429e-09   3.9900         22.6200        11.1337        1030.0722      
57.01     1.819593e-09   1.854754e-09   3.9900         22.6200        11.1337        1030.0722      
58.01     1.822266e-09   1.134998e-09   3.9900         22.6200        11.1337        1030.0722      
59.01     1.824939e-09   1.770969e-09   3.9900         22.6200        11.1337        1030.0722      
60.01     1.827611e-09   1.053447e-09   3.9900         22.6200        11.1337        1030.0722      
61.01     1.830283e-09   1.673694e-09   3.9900         22.6200        11.1337        1030.0722      
62.01     1.832954e-09   1.174251e-09   3.9900         22.6200        11.1337        1030.0722      
63.01     1.835626e-09   1.773832e-09   3.9900         22.6200        11.1337        1030.0722      
64.01     1.838297e-09   1.337865e-09   3.9900         22.6200        11.1337        1030.0722      
65.01     1.840969e-09   1.769118e-09   3.9900         22.6200        11.1337        1030.0722      
66.01     1.843642e-09   1.871997e-09   3.9900         22.6200        11.1337        1030.0722      
67.01     1.846315e-09   1.782897e-09   3.9900         22.6200        11.1337        1030.0722      
68.01     1.848989e-09   1.229280e-09   3.9900         22.6200        11.1337        1030.0722      
69.01     1.851663e-09   1.823258e-09   3.9900         22.6200        11.1337        1030.0722      
70.01     1.854339e-09   1.141138e-09   3.9900         22.6200        11.1337        1030.0722      
71.01     1.857016e-09   1.741129e-09   3.9900         22.6200        11.1337        1030.0722      
72.01     1.859694e-09   1.086097e-09   3.9900         22.6200        11.1337        1030.0722      
73.00     1.862347e-09   1.916460e-09   3.9900         22.6200        11.1337        1030.0722      
74.00     1.865027e-09   1.047130e-09   3.9900         22.6200        11.1337        1030.0722      
75.00     1.867710e-09   1.840770e-09   3.9900         22.6200        11.1337        1030.0722      
76.00     1.870394e-09   1.141560e-09   3.9900         22.6200        11.1337        1030.0722      
77.00     1.873079e-09   1.851400e-09   3.9900         22.6200        11.1337        1030.0722      
78.00     1.875767e-09   1.209210e-09   3.9900         22.6200        11.1337        1030.0722      
79.00     1.878456e-09   1.883650e-09   3.9900         22.6200        11.1337        1030.0722      
80.00     1.881147e-09   1.621810e-09   3.9900         22.6200        11.1337        1030.0722      
81.00     1.883840e-09   1.894520e-09   3.9900         22.6200        11.1337        1030.0722      
82.00     1.886535e-09   1.631170e-09   3.9900         22.6200        11.1337        1030.0722      
83.00     1.889232e-09   1.927530e-09   3.9900         22.6200        11.1337        1030.0722      
84.00     1.891932e-09   1.445440e-09   3.9900         22.6200        11.1337        1030.0722      
85.00     1.894633e-09   1.894520e-09   3.9900         22.6200        11.1337        1030.0722      
86.00     1.897337e-09   1.437140e-09   3.9900         22.6200        11.1337        1030.0722      
87.00     1.900043e-09   1.972420e-09   3.9900         22.6200        11.1337        1030.0722      
88.00     1.902752e-09   1.154780e-09   3.9900         22.6200        11.1337        1030.0722      
89.00     1.905462e-09   1.983810e-09   3.9900         22.6200        11.1337        1030.0722      
90.00     1.908176e-09   1.778280e-09   3.9900         22.6200        11.1337        1030.0722      
91.00     1.910891e-09   1.916460e-09   3.9900         22.6200        11.1337        1030.0722      
92.00     1.913610e-09   1.621810e-09   3.9900         22.6200        11.1337        1030.0722      
93.00     1.916330e-09   1.927530e-09   3.9900         22.6200        11.1337        1030.0722      
94.00     1.919054e-09   1.487650e-09   3.9900         22.6200        11.1337        1030.0722      
95.00     1.921780e-09   1.995260e-09   3.9900         22.6200        11.1337        1030.0722      
96.00     1.924508e-09   1.445440e-09   3.9900         22.6200        11.1337        1030.0722      
97.00     1.927240e-09   2.006780e-09   3.9900         22.6200        11.1337        1030.0722      
98.00     1.929974e-09   1.303170e-09   3.9900         22.6200        11.1337        1030.0722      
99.00     1.932710e-09   2.018370e-09   3.9900         22.6200        11.1337        1030.0722      
100.00    1.935450e-09   1.768070e-09   3.9900         22.6200        11.1337        1030.0722      
101.00    1.938192e-09   2.018370e-09   3.9900         22.6200        11.1337        1030.0722      
102.00    1.940938e-09   1.650060e-09   3.9900         22.6200        11.1337        1030.0722      
103.00    1.943686e-09   1.938650e-09   3.9900         22.6200        11.1337        1030.0722      
104.00    1.946437e-09   1.640590e-09   3.9900         22.6200        11.1337        1030.0722      
105.00    1.949191e-09   1.872840e-09   3.9900         22.6200        11.1337        1030.0722      
106.00    1.951947e-09   1.539930e-09   3.9900         22.6200        11.1337        1030.0722      
107.00    1.954707e-09   2.053530e-09   3.9900         22.6200        11.1337        1030.0722      
108.00    1.957470e-09   1.333520e-09   3.9900         22.6200        11.1337        1030.0722      
109.00    1.960236e-09   1.995260e-09   3.9900         22.6200        11.1337        1030.0722      
110.00    1.963004e-09   1.102810e-09   3.9900         22.6200        11.1337        1030.0722      
111.00    1.965776e-09   1.983810e-09   3.9900         22.6200        11.1337        1030.0722      
112.00    1.968551e-09   1.487650e-09   3.9900         22.6200        11.1337        1030.0722      
113.00    1.971329e-09   1.961100e-09   3.9900         22.6200        11.1337        1030.0722      
114.00    1.974110e-09   1.154780e-09   3.9900         22.6200        11.1337        1030.0722      
115.00    1.976895e-09   1.916460e-09   3.9900         22.6200        11.1337        1030.0722      
116.00    1.979682e-09   1.356750e-09   3.9900         22.6200        11.1337        1030.0722      
117.00    1.982472e-09   1.894520e-09   3.9900         22.6200        11.1337        1030.0722      
118.00    1.985266e-09   1.905460e-09   3.9900         22.6200        11.1337        1030.0722      
119.00    1.988063e-09   1.938650e-09   3.9900         22.6200        11.1337        1030.0722      
120.00    1.990863e-09   2.125690e-09   3.9900         22.6200        11.1337        1030.0722      
121.00    1.993667e-09   1.927530e-09   3.9900         22.6200        11.1337        1030.0722      
122.00    1.996473e-09   1.195360e-09   3.9900         22.6200        11.1337        1030.0722      
123.00    1.999283e-09   1.927530e-09   3.9900         22.6200        11.1337        1030.0722      
124.00    2.002096e-09   1.295690e-09   3.9900         22.6200        11.1337        1030.0722      
125.00    2.004913e-09   1.894520e-09   3.9900         22.6200        11.1337        1030.0722      
126.00    2.007732e-09   2.041740e-09   3.9900         22.6200        11.1337        1030.0722      
127.00    2.010556e-09   1.872840e-09   3.9900         22.6200        11.1337        1030.0722      
128.00    2.013382e-09   2.187760e-09   3.9900         22.6200        11.1337        1030.0722      
129.00    2.016212e-09   1.949850e-09   3.9900         22.6200        11.1337        1030.0722      
130.00    2.019045e-09   2.113490e-09   3.9900         22.6200        11.1337        1030.0722      
131.00    2.021882e-09   1.840770e-09   3.9900         22.6200        11.1337        1030.0722      
132.00    2.024721e-09   1.995260e-09   3.9900         22.6200        11.1337        1030.0722      
133.00    2.027565e-09   1.396370e-09   3.9900         22.6200        11.1337        1030.0722      
134.00    2.030412e-09   1.983810e-09   3.9900         22.6200        11.1337        1030.0722      
135.00    2.033262e-09   1.195360e-09   3.9900         22.6200        11.1337        1030.0722      
136.00    2.036116e-09   2.006780e-09   3.9900         22.6200        11.1337        1030.0722      
137.00    2.038973e-09   2.225870e-09   3.9900         22.6200        11.1337        1030.0722      
138.00    2.041833e-09   2.006780e-09   3.9900         22.6200        11.1337        1030.0722      
139.00    2.044698e-09   1.195360e-09   3.9900         22.6200        11.1337        1030.0722      
140.00    2.047565e-09   1.894520e-09   3.9900         22.6200        11.1337        1030.0722      
141.00    2.050436e-09   2.187760e-09   3.9900         22.6200        11.1337        1030.0722      
142.00    2.053311e-09   1.717910e-09   3.9900         22.6200        11.1337        1030.0722      
143.00    2.056189e-09   2.137960e-09   3.9900         22.6200        11.1337        1030.0722      
144.00    2.059071e-09   1.949850e-09   3.9900         22.6200        11.1337        1030.0722      
145.00    2.061957e-09   2.089300e-09   3.9900         22.6200        11.1337        1030.0722      
146.00    2.064846e-09   1.894520e-09   3.9900         22.6200        11.1337        1030.0722      
147.00    2.067738e-09   2.065380e-09   3.9900         22.6200        11.1337        1030.0722      
148.00    2.070634e-09   1.717910e-09   3.9900         22.6200        11.1337        1030.0722      
149.00    2.073534e-09   2.213100e-09   3.9900         22.6200        11.1337        1030.0722      
150.00    2.076438e-09   1.404430e-09   3.9900         22.6200        11.1337        1030.0722      
151.00    2.079345e-09   2.150310e-09   3.9900         22.6200        11.1337        1030.0722      
152.00    2.082255e-09   1.223210e-09   3.9900         22.6200        11.1337        1030.0722      
153.00    2.085170e-09   2.041740e-09   3.9900         22.6200        11.1337        1030.0722      
154.00    2.088088e-09   1.437140e-09   3.9900         22.6200        11.1337        1030.0722      
155.00    2.091010e-09   2.018370e-09   3.9900         22.6200        11.1337        1030.0722      
156.00    2.093935e-09   1.237370e-09   3.9900         22.6200        11.1337        1030.0722      
157.00    2.096864e-09   1.938650e-09   3.9900         22.6200        11.1337        1030.0722      
158.00    2.099797e-09   2.440620e-09   3.9900         22.6200        11.1337        1030.0722      
159.00    2.102734e-09   1.669170e-09   3.9900         22.6200        11.1337        1030.0722      
160.01    2.105703e-09   2.099183e-09   3.9900         22.6200        11.1337        1030.0722      
161.01    2.108648e-09   1.884881e-09   3.9900         22.6200        11.1337        1030.0722      
162.01    2.111595e-09   2.000124e-09   3.9900         22.6200        11.1337        1030.0722      
163.01    2.114547e-09   1.347760e-09   3.9900         22.6200        11.1337        1030.0722      
164.01    2.117502e-09   1.990796e-09   3.9900         22.6200        11.1337        1030.0722      
165.01    2.120462e-09   1.553867e-09   3.9900         22.6200        11.1337        1030.0722      
166.01    2.123425e-09   2.056572e-09   3.9900         22.6200        11.1337        1030.0722      
167.01    2.126392e-09   2.354718e-09   3.9900         22.6200        11.1337        1030.0722      
168.01    2.129362e-09   2.055641e-09   3.9900         22.6200        11.1337        1030.0722      
169.01    2.132337e-09   2.261946e-09   3.9900         22.6200        11.1337        1030.0722      
170.01    2.135315e-09   1.998216e-09   3.9900         22.6200        11.1337        1030.0722      
171.01    2.138297e-09   2.287016e-09   3.9900         22.6200        11.1337        1030.0722      
172.01    2.141283e-09   1.909446e-09   3.9900         22.6200        11.1337        1030.0722      
173.01    2.144273e-09   2.297174e-09   3.9900         22.6200        11.1337        1030.0722      
174.01    2.147267e-09   1.618634e-09   3.9900         22.6200        11.1337        1030.0722      
175.01    2.150265e-09   2.223795e-09   3.9900         22.6200        11.1337        1030.0722      
176.01    2.153266e-09   2.019321e-09   3.9900         22.6200        11.1337        1030.0722      
177.01    2.156272e-09   2.111410e-09   3.9900         22.6200        11.1337        1030.0722      
178.01    2.159281e-09   1.907419e-09   3.9900         22.6200        11.1337        1030.0722      
179.01    2.162295e-09   2.094801e-09   3.9900         22.6200        11.1337        1030.0722      
180.01    2.165312e-09   1.453502e-09   3.9900         22.6200        11.1337        1030.0722      
181.01    2.168333e-09   2.243340e-09   3.9900         22.6200        11.1337        1030.0722      
182.01    2.171358e-09   1.427618e-09   3.9900         22.6200        11.1337        1030.0722      
183.01    2.174387e-09   2.116069e-09   3.9900         22.6200        11.1337        1030.0722      
184.01    2.177421e-09   2.368913e-09   3.9902         22.6200        11.1343        1030.0727      
185.01    2.180695e-09   2.126185e-09   4.0099         22.6200        11.2050        1030.1434      
186.01    2.183652e-09   2.173983e-09   3.9999         22.6200        11.1613        1030.0998      
187.01    2.186615e-09   2.056708e-09   3.9901         22.6200        11.1340        1030.0724      
188.01    2.189748e-09   2.364935e-09   4.0000         22.6200        11.1616        1030.1001      
189.01    2.192821e-09   1.733460e-09   4.0000         22.6200        11.1616        1030.1001      
190.01    2.195893e-09   2.282333e-09   4.0000         22.6200        11.1616        1030.1001      
191.01    2.198969e-09   1.444772e-09   4.0000         22.6200        11.1616        1030.1001      
192.01    2.202048e-09   2.198454e-09   4.0000         22.6200        11.1616        1030.1001      
193.01    2.205131e-09   2.007605e-09   4.0000         22.6200        11.1616        1030.1001      
194.01    2.208217e-09   2.086088e-09   4.0000         22.6200        11.1616        1030.1001      
195.01    2.211307e-09   1.771646e-09   4.0000         22.6200        11.1616        1030.1001      
196.01    2.214401e-09   2.118722e-09   4.0000         22.6200        11.1616        1030.1001      
197.01    2.217498e-09   1.438589e-09   4.0000         22.6200        11.1616        1030.1001      
198.01    2.220600e-09   2.388886e-09   4.0000         22.6200        11.1616        1030.1001      
199.01    2.223705e-09   1.412138e-09   4.0000         22.6200        11.1616        1030.1001      
200.01    2.226814e-09   2.176622e-09   4.0000         22.6200        11.1616        1030.1001      
201.01    2.229927e-09   2.315606e-09   4.0000         22.6200        11.1616        1030.1001      
202.01    2.233044e-09   2.130544e-09   4.0000         22.6200        11.1616        1030.1001      
203.01    2.236166e-09   1.403663e-09   4.0000         22.6200        11.1616        1030.1001      
204.01    2.239291e-09   2.124157e-09   4.0000         22.6200        11.1616        1030.1001      
205.01    2.242420e-09   1.973709e-09   4.0000         22.6200        11.1616        1030.1001      
206.01    2.245553e-09   2.104060e-09   4.0000         22.6200        11.1616        1030.1001      
207.01    2.248691e-09   2.369408e-09   4.0000         22.6200        11.1616        1030.1001      
208.01    2.251832e-09   2.176756e-09   4.0000         22.6200        11.1616        1030.1001      
209.01    2.254978e-09   2.327763e-09   4.0000         22.6200        11.1616        1030.1001      
210.01    2.258128e-09   2.031347e-09   4.0000         22.6200        11.1616        1030.1001      
211.01    2.261282e-09   2.154817e-09   4.0000         22.6200        11.1616        1030.1001      
212.01    2.264440e-09   1.379271e-09   4.0000         22.6200        11.1616        1030.1001      
213.01    2.267602e-09   2.056572e-09   4.0000         22.6200        11.1616        1030.1001      
214.01    2.270769e-09   2.356699e-09   4.0000         22.6200        11.1616        1030.1001      
215.01    2.273939e-09   2.253822e-09   4.0000         22.6200        11.1616        1030.1001      
216.01    2.277114e-09   2.465694e-09   4.0000         22.6200        11.1616        1030.1001      
217.01    2.280293e-09   2.152521e-09   4.0000         22.6200        11.1616        1030.1001      
218.01    2.283477e-09   2.368549e-09   4.0000         22.6200        11.1616        1030.1001      
219.01    2.286665e-09   2.092954e-09   4.0000         22.6200        11.1616        1030.1001      
220.01    2.289856e-09   2.447243e-09   4.0000         22.6200        11.1616        1030.1001      
221.01    2.293053e-09   1.714412e-09   4.0000         22.6200        11.1616        1030.1001      
222.01    2.296253e-09   2.335750e-09   4.0000         22.6200        11.1616        1030.1001      
223.01    2.299458e-09   1.504186e-09   4.0000         22.6200        11.1616        1030.1001      
224.01    2.302667e-09   2.283719e-09   4.0000         22.6200        11.1616        1030.1001      
225.01    2.305880e-09   1.582429e-09   4.0000         22.6200        11.1616        1030.1001      
226.01    2.309098e-09   2.235169e-09   4.0000         22.6200        11.1616        1030.1001      
227.01    2.312320e-09   1.887460e-09   4.0000         22.6200        11.1616        1030.1001      
228.01    2.315547e-09   2.267403e-09   4.0000         22.6200        11.1616        1030.1001      
229.01    2.318777e-09   2.537438e-09   4.0000         22.6200        11.1616        1030.1001      
230.01    2.322013e-09   2.189460e-09   4.0000         22.6200        11.1616        1030.1001      
231.01    2.325252e-09   2.354250e-09   4.0000         22.6200        11.1616        1030.1001      
232.01    2.328496e-09   2.009621e-09   4.0000         22.6200        11.1616        1030.1001      
233.01    2.331744e-09   2.283272e-09   4.0000         22.6200        11.1616        1030.1001      
234.01    2.334997e-09   1.539630e-09   4.0000         22.6200        11.1616        1030.1001      
235.01    2.338254e-09   2.381745e-09   4.0000         22.6200        11.1616        1030.1001      
236.01    2.341515e-09   2.056169e-09   4.0000         22.6200        11.1616        1030.1001      
237.01    2.344781e-09   2.319345e-09   4.0000         22.6200        11.1616        1030.1001      
238.01    2.348052e-09   2.508274e-09   4.0000         22.6200        11.1616        1030.1001      
239.01    2.351326e-09   2.153496e-09   4.0000         22.6200        11.1616        1030.1001      
240.01    2.354606e-09   2.466708e-09   4.0000         22.6200        11.1616        1030.1001      
241.01    2.357889e-09   2.256995e-09   4.0000         22.6200        11.1616        1030.1001      
242.01    2.361178e-09   2.777870e-09   4.0000         22.6200        11.1616        1030.1001      
243.01    2.364470e-09   1.965203e-09   4.0000         22.6200        11.1616        1030.1001      
244.01    2.367767e-09   2.362879e-09   4.0000         22.6200        11.1616        1030.1001      
245.01    2.371069e-09   1.531624e-09   4.0000         22.6200        11.1616        1030.1001      
246.01    2.374375e-09   2.449438e-09   4.0000         22.6200        11.1616        1030.1001      
247.01    2.377686e-09   1.931697e-09   4.0000         22.6200        11.1616        1030.1001      
248.01    2.381001e-09   2.336820e-09   4.0000         22.6200        11.1616        1030.1001      
249.01    2.384320e-09   1.610391e-09   4.0000         22.6200        11.1616        1030.1001      
250.01    2.387645e-09   2.312319e-09   4.0000         22.6200        11.1616        1030.1001      
251.01    2.390973e-09   1.815018e-09   4.0000         22.6200        11.1616        1030.1001      
252.01    2.394307e-09   2.383726e-09   4.0000         22.6200        11.1616        1030.1001      
253.01    2.397644e-09   2.252984e-09   4.0000         22.6200        11.1616        1030.1001      
254.01    2.400987e-09   2.386913e-09   4.0000         22.6200        11.1616        1030.1001      
255.01    2.404334e-09   2.568138e-09   4.0000         22.6200        11.1616        1030.1001      
256.01    2.407685e-09   2.336546e-09   4.0000         22.6200        11.1616        1030.1001      
257.01    2.411041e-09   1.582951e-09   4.0000         22.6200        11.1616        1030.1001      
258.01    2.414402e-09   2.282838e-09   4.0000         22.6200        11.1616        1030.1001      
259.01    2.417767e-09   1.495947e-09   4.0000         22.6200        11.1616        1030.1001      
260.01    2.421137e-09   2.309449e-09   4.0000         22.6200        11.1616        1030.1001      
261.01    2.424512e-09   1.531343e-09   4.0000         22.6200        11.1616        1030.1001      
262.01    2.427891e-09   2.416882e-09   4.0000         22.6200        11.1616        1030.1001      
263.01    2.431275e-09   1.463508e-09   4.0000         22.6200        11.1616        1030.1001      
264.01    2.434663e-09   2.418193e-09   4.0000         22.6200        11.1616        1030.1001      
265.01    2.438056e-09   1.594305e-09   4.0000         22.6200        11.1616        1030.1001      
266.01    2.441454e-09   2.520181e-09   4.0000         22.6200        11.1616        1030.1001      
267.01    2.444856e-09   1.910812e-09   4.0000         22.6200        11.1616        1030.1001      
268.01    2.448263e-09   2.435159e-09   4.0000         22.6200        11.1616        1030.1001      
269.01    2.451675e-09   1.898882e-09   4.0000         22.6200        11.1616        1030.1001      
270.01    2.455092e-09   2.323220e-09   4.0000         22.6200        11.1616        1030.1001      
271.01    2.458513e-09   1.584169e-09   4.0000         22.6200        11.1616        1030.1001      
272.01    2.461939e-09   2.404221e-09   4.0000         22.6200        11.1616        1030.1001      
273.01    2.465369e-09   1.576201e-09   4.0000         22.6200        11.1616        1030.1001      
274.01    2.468804e-09   2.501820e-09   4.0000         22.6200        11.1616        1030.1001      
275.01    2.472244e-09   1.514227e-09   4.0000         22.6200        11.1616        1030.1001      
276.01    2.475689e-09   2.435938e-09   4.0000         22.6200        11.1616        1030.1001      
277.01    2.479138e-09   1.977243e-09   4.0000         22.6200        11.1616        1030.1001      
278.01    2.482593e-09   2.446012e-09   4.0000         22.6200        11.1616        1030.1001      
279.01    2.486051e-09   1.592755e-09   4.0000         22.6200        11.1616        1030.1001      
280.01    2.489515e-09   2.373509e-09   4.0000         22.6200        11.1616        1030.1001      
281.01    2.492984e-09   2.581646e-09   4.0000         22.6200        11.1616        1030.1001      
282.01    2.496457e-09   2.230682e-09   4.0000         22.6200        11.1616        1030.1001      
283.01    2.499935e-09   2.703577e-09   4.0000         22.6200        11.1616        1030.1001      
284.01    2.503418e-09   2.358871e-09   4.0000         22.6200        11.1616        1030.1001      
285.01    2.506905e-09   2.462599e-09   4.0000         22.6200        11.1616        1030.1001      
286.01    2.510398e-09   1.846768e-09   4.0000         22.6200        11.1616        1030.1001      
287.01    2.513895e-09   2.431972e-09   4.0000         22.6200        11.1616        1030.1001      
288.01    2.517397e-09   1.585452e-09   4.0000         22.6200        11.1616        1030.1001      
289.01    2.520904e-09   2.545760e-09   4.0000         22.6200        11.1616        1030.1001      
290.01    2.524415e-09   3.014157e-09   4.0000         22.6200        11.1616        1030.1001      
291.01    2.527932e-09   2.444724e-09   4.0000         22.6200        11.1616        1030.1001      
292.01    2.531453e-09   2.846498e-09   4.0000         22.6200        11.1616        1030.1001      
293.01    2.534980e-09   2.401296e-09   4.0000         22.6200        11.1616        1030.1001      
294.01    2.538511e-09   2.643122e-09   4.0000         22.6200        11.1616        1030.1001      
295.01    2.542047e-09   2.417393e-09   4.0000         22.6200        11.1616        1030.1001      
296.01    2.545588e-09   2.878903e-09   4.0000         22.6200        11.1616        1030.1001      
297.01    2.549133e-09   2.376166e-09   4.0000         22.6200        11.1616        1030.1001      
298.01    2.552684e-09   2.842578e-09   4.0000         22.6200        11.1616        1030.1001      
299.01    2.556240e-09   2.014096e-09   4.0000         22.6200        11.1616        1030.1001      
300.01    2.559800e-09   2.734613e-09   4.0000         22.6200        11.1616        1030.1001      
301.01    2.563365e-09   2.360184e-09   4.0000         22.6200        11.1616        1030.1001      
302.01    2.566936e-09   2.593769e-09   4.0000         22.6200        11.1616        1030.1001      
303.01    2.570511e-09   1.966753e-09   4.0000         22.6200        11.1616        1030.1001      
304.01    2.574091e-09   2.518705e-09   4.0000         22.6200        11.1616        1030.1001      
305.01    2.577676e-09   1.767411e-09   4.0000         22.6200        11.1616        1030.1001      
306.01    2.581266e-09   2.696500e-09   4.0000         22.6200        11.1616        1030.1001      
307.01    2.584861e-09   1.660167e-09   4.0000         22.6200        11.1616        1030.1001      
308.01    2.588461e-09   2.650529e-09   4.0000         22.6200        11.1616        1030.1001      
309.01    2.592066e-09   1.650336e-09   4.0000         22.6200        11.1616        1030.1001      
310.01    2.595676e-09   2.610646e-09   4.0000         22.6200        11.1616        1030.1001      
311.01    2.599291e-09   2.166212e-09   4.0000         22.6200        11.1616        1030.1001      
312.01    2.602911e-09   2.504049e-09   4.0000         22.6200        11.1616        1030.1001      
313.01    2.606536e-09   1.734958e-09   4.0000         22.6200        11.1616        1030.1001      
314.01    2.610166e-09   2.433099e-09   4.0000         22.6200        11.1616        1030.1001      
315.01    2.613801e-09   1.696879e-09   4.0000         22.6200        11.1616        1030.1001      
316.01    2.617441e-09   2.527278e-09   4.0000         22.6200        11.1616        1030.1001      
317.01    2.621086e-09   2.615020e-09   4.0000         22.6200        11.1616        1030.1001      
318.01    2.624736e-09   2.590754e-09   4.0000         22.6200        11.1616        1030.1001      
319.01    2.628391e-09   1.668404e-09   4.0000         22.6200        11.1616        1030.1001      
320.01    2.632052e-09   2.542631e-09   4.0000         22.6200        11.1616        1030.1001      
321.01    2.635717e-09   2.704406e-09   4.0000         22.6200        11.1616        1030.1001      
322.01    2.639387e-09   2.446413e-09   4.0000         22.6200        11.1616        1030.1001      
323.01    2.643063e-09   3.014439e-09   4.0000         22.6200        11.1616        1030.1001      
324.01    2.646743e-09   2.472538e-09   4.0000         22.6200        11.1616        1030.1001      
325.01    2.650429e-09   2.826839e-09   4.0000         22.6200        11.1616        1030.1001      
326.01    2.654120e-09   2.062337e-09   4.0000         22.6200        11.1616        1030.1001      
327.01    2.657815e-09   2.929334e-09   4.0000         22.6200        11.1616        1030.1001      
328.01    2.661516e-09   2.444398e-09   4.0000         22.6200        11.1616        1030.1001      
329.01    2.665222e-09   2.815900e-09   4.0000         22.6200        11.1616        1030.1001      
330.01    2.668934e-09   2.570548e-09   4.0000         22.6200        11.1616        1030.1001      
331.01    2.672650e-09   2.584219e-09   4.0000         22.6200        11.1616        1030.1001      
332.01    2.676372e-09   2.488325e-09   4.0000         22.6200        11.1616        1030.1001      
333.01    2.680098e-09   2.996036e-09   4.0000         22.6200        11.1616        1030.1001      
334.01    2.683830e-09   2.349794e-09   4.0000         22.6200        11.1616        1030.1001      
335.01    2.687567e-09   2.891060e-09   4.0000         22.6200        11.1616        1030.1001      
336.01    2.691309e-09   1.946806e-09   4.0000         22.6200        11.1616        1030.1001      
337.01    2.695057e-09   2.751807e-09   4.0000         22.6200        11.1616        1030.1001      
338.01    2.698809e-09   2.512773e-09   4.0000         22.6200        11.1616        1030.1001      
339.01    2.702567e-09   2.595415e-09   4.0000         22.6200        11.1616        1030.1001      
340.01    2.706330e-09   2.130585e-09   4.0000         22.6200        11.1616        1030.1001      
341.01    2.710098e-09   2.606598e-09   4.0000         22.6200        11.1616        1030.1001      
342.01    2.713871e-09   1.767725e-09   4.0000         22.6200        11.1616        1030.1001      
343.01    2.717650e-09   2.727824e-09   4.0000         22.6200        11.1616        1030.1001      
344.01    2.721434e-09   1.688773e-09   4.0000         22.6200        11.1616        1030.1001      
345.01    2.725223e-09   2.669513e-09   4.0000         22.6200        11.1616        1030.1001      
346.01    2.729017e-09   2.025570e-09   4.0000         22.6200        11.1616        1030.1001      
347.01    2.732817e-09   2.735302e-09   4.0000         22.6200        11.1616        1030.1001      
348.01    2.736622e-09   2.429259e-09   4.0000         22.6200        11.1616        1030.1001      
349.01    2.740432e-09   2.684236e-09   4.0000         22.6200        11.1616        1030.1001      
350.01    2.744248e-09   1.967943e-09   4.0000         22.6200        11.1616        1030.1001      
351.01    2.748068e-09   2.636881e-09   4.0000         22.6200        11.1616        1030.1001      
352.01    2.751895e-09   1.797891e-09   4.0000         22.6200        11.1616        1030.1001      
353.01    2.755726e-09   2.713052e-09   4.0000         22.6200        11.1616        1030.1001      
354.01    2.759563e-09   1.767102e-09   4.0000         22.6200        11.1616        1030.1001      
355.01    2.763405e-09   2.669747e-09   4.0000         22.6200        11.1616        1030.1001      
356.01    2.767252e-09   2.048550e-09   4.0000         22.6200        11.1616        1030.1001      
357.01    2.771105e-09   2.720883e-09   4.0000         22.6200        11.1616        1030.1001      
358.01    2.774963e-09   2.542944e-09   4.0000         22.6200        11.1616        1030.1001      
359.01    2.778826e-09   2.732539e-09   4.0000         22.6200        11.1616        1030.1001      
360.01    2.782695e-09   2.156668e-09   4.0000         22.6200        11.1616        1030.1001      
361.01    2.786569e-09   2.779394e-09   4.0000         22.6200        11.1616        1030.1001      
362.01    2.790448e-09   2.119426e-09   4.0000         22.6200        11.1616        1030.1001      
363.01    2.794333e-09   2.702130e-09   4.0000         22.6200        11.1616        1030.1001      
364.01    2.798224e-09   2.220312e-09   4.0000         22.6200        11.1616        1030.1001      
365.01    2.802119e-09   2.925820e-09   4.0000         22.6200        11.1616        1030.1001      
366.01    2.806020e-09   2.097414e-09   4.0000         22.6200        11.1616        1030.1001      
367.01    2.809927e-09   2.892091e-09   4.0000         22.6200        11.1616        1030.1001      
368.01    2.813839e-09   2.049506e-09   4.0000         22.6200        11.1616        1030.1001      
369.01    2.817756e-09   2.815900e-09   4.0000         22.6200        11.1616        1030.1001      
370.01    2.821679e-09   2.573206e-09   4.0000         22.6200        11.1616        1030.1001      
371.01    2.825607e-09   2.847057e-09   4.0000         22.6200        11.1616        1030.1001      
372.01    2.829541e-09   2.458673e-09   4.0000         22.6200        11.1616        1030.1001      
373.01    2.833480e-09   2.847920e-09   4.0000         22.6200        11.1616        1030.1001      
374.01    2.837425e-09   2.544070e-09   4.0000         22.6200        11.1616        1030.1001      
375.01    2.841375e-09   2.848662e-09   4.0000         22.6200        11.1616        1030.1001      
376.01    2.845330e-09   2.621752e-09   4.0000         22.6200        11.1616        1030.1001      
377.01    2.849292e-09   3.266979e-09   4.0000         22.6200        11.1616        1030.1001      
378.01    2.853258e-09   2.635773e-09   4.0000         22.6200        11.1616        1030.1001      
379.01    2.857230e-09   3.176109e-09   4.0000         22.6200        11.1616        1030.1001      
380.01    2.861208e-09   2.744340e-09   4.0000         22.6200        11.1616        1030.1001      
381.01    2.865191e-09   3.324668e-09   4.0000         22.6200        11.1616        1030.1001      
382.01    2.869180e-09   2.759422e-09   4.0000         22.6200        11.1616        1030.1001      
383.01    2.873174e-09   3.267591e-09   4.0000         22.6200        11.1616        1030.1001      
384.01    2.877174e-09   2.697171e-09   4.0000         22.6200        11.1616        1030.1001      
385.01    2.881179e-09   3.250749e-09   4.0000         22.6200        11.1616        1030.1001      
386.01    2.885190e-09   2.857213e-09   4.0000         22.6200        11.1616        1030.1001      
387.01    2.889206e-09   1.849433e-09   4.0000         22.6200        11.1616        1030.1001      
388.01    2.893228e-09   2.703577e-09   4.0000         22.6200        11.1616        1030.1001      
389.01    2.897256e-09   2.361253e-09   4.0000         22.6200        11.1616        1030.1001      
390.01    2.901289e-09   2.713689e-09   4.0000         22.6200        11.1616        1030.1001      
391.01    2.905328e-09   3.363484e-09   4.0000         22.6200        11.1616        1030.1001      
392.01    2.909372e-09   2.822930e-09   4.0000         22.6200        11.1616        1030.1001      
393.01    2.913423e-09   3.269351e-09   4.0000         22.6200        11.1616        1030.1001      
394.01    2.917478e-09   2.869708e-09   4.0000         22.6200        11.1616        1030.1001      
395.01    2.921540e-09   3.086158e-09   4.0000         22.6200        11.1616        1030.1001      
396.01    2.925607e-09   2.684404e-09   4.0000         22.6200        11.1616        1030.1001      
397.01    2.929679e-09   3.498446e-09   4.0000         22.6200        11.1616        1030.1001      
398.01    2.933757e-09   2.605240e-09   4.0000         22.6200        11.1616        1030.1001      
399.01    2.937841e-09   3.100501e-09   4.0000         22.6200        11.1616        1030.1001      
400.01    2.941931e-09   2.350300e-09   4.0000         22.6200        11.1616        1030.1001      
401.01    2.946026e-09   2.941882e-09   4.0000         22.6200        11.1616        1030.1001      
402.01    2.950127e-09   2.028040e-09   4.0000         22.6200        11.1616        1030.1001      
403.01    2.954234e-09   2.982442e-09   4.0000         22.6200        11.1616        1030.1001      
404.01    2.958346e-09   2.694478e-09   4.0000         22.6200        11.1616        1030.1001      
405.01    2.962465e-09   2.978567e-09   4.0000         22.6200        11.1616        1030.1001      
406.01    2.966588e-09   2.310056e-09   4.0000         22.6200        11.1616        1030.1001      
407.01    2.970718e-09   2.891284e-09   4.0000         22.6200        11.1616        1030.1001      
408.01    2.974853e-09   1.971515e-09   4.0000         22.6200        11.1616        1030.1001      
409.01    2.978994e-09   2.993011e-09   4.0000         22.6200        11.1616        1030.1001      
410.01    2.983141e-09   2.051349e-09   4.0000         22.6200        11.1616        1030.1001      
411.01    2.987294e-09   3.002620e-09   4.0000         22.6200        11.1616        1030.1001      
412.01    2.991452e-09   3.002106e-09   4.0000         22.6200        11.1616        1030.1001      
413.01    2.995616e-09   2.943201e-09   4.0000         22.6200        11.1616        1030.1001      
414.01    2.999786e-09   2.158661e-09   4.0000         22.6200        11.1616        1030.1001      
415.01    3.003962e-09   2.974913e-09   4.0000         22.6200        11.1616        1030.1001      
416.01    3.008144e-09   1.948438e-09   4.0000         22.6200        11.1616        1030.1001      
417.01    3.012331e-09   2.907642e-09   4.0000         22.6200        11.1616        1030.1001      
418.01    3.016524e-09   1.949813e-09   4.0000         22.6200        11.1616        1030.1001      
419.01    3.020723e-09   3.045750e-09   4.0000         22.6200        11.1616        1030.1001      
420.01    3.024928e-09   2.153098e-09   4.0000         22.6200        11.1616        1030.1001      
421.01    3.029139e-09   3.635996e-09   4.0000         22.6200        11.1616        1030.1001      
422.01    3.033355e-09   2.087076e-09   4.0000         22.6200        11.1616        1030.1001      
423.01    3.037578e-09   3.052072e-09   4.0000         22.6200        11.1616        1030.1001      
424.01    3.041806e-09   2.771603e-09   4.0000         22.6200        11.1616        1030.1001      
425.01    3.046040e-09   2.915171e-09   4.0000         22.6200        11.1616        1030.1001      
426.01    3.050280e-09   2.694998e-09   4.0000         22.6200        11.1616        1030.1001      
427.01    3.054526e-09   3.032426e-09   4.0000         22.6200        11.1616        1030.1001      
428.01    3.058778e-09   2.547002e-09   4.0000         22.6200        11.1616        1030.1001      
429.01    3.063036e-09   3.137378e-09   4.0000         22.6200        11.1616        1030.1001      
430.01    3.067299e-09   2.477688e-09   4.0000         22.6200        11.1616        1030.1001      
431.01    3.071569e-09   3.342914e-09   4.0000         22.6200        11.1616        1030.1001      
432.01    3.075845e-09   2.683213e-09   4.0000         22.6200        11.1616        1030.1001      
433.01    3.080126e-09   3.381626e-09   4.0000         22.6200        11.1616        1030.1001      
434.01    3.084414e-09   2.700772e-09   4.0000         22.6200        11.1616        1030.1001      
435.01    3.088707e-09   2.086039e-09   4.0000         22.6200        11.1616        1030.1001      
436.01    3.093006e-09   2.954811e-09   4.0000         22.6200        11.1616        1030.1001      
437.01    3.097312e-09   3.307709e-09   4.0000         22.6200        11.1616        1030.1001      
438.01    3.101623e-09   2.955582e-09   4.0000         22.6200        11.1616        1030.1001      
439.01    3.105940e-09   3.384068e-09   4.0000         22.6200        11.1616        1030.1001      
440.01    3.110264e-09   2.944607e-09   4.0000         22.6200        11.1616        1030.1001      
441.01    3.114593e-09   2.297136e-09   4.0000         22.6200        11.1616        1030.1001      
442.01    3.118929e-09   2.919516e-09   4.0000         22.6200        11.1616        1030.1001      
443.01    3.123270e-09   3.125019e-09   4.0000         22.6200        11.1616        1030.1001      
444.01    3.127617e-09   3.023055e-09   4.0000         22.6200        11.1616        1030.1001      
445.01    3.131971e-09   3.327325e-09   4.0000         22.6200        11.1616        1030.1001      
446.01    3.136331e-09   3.026479e-09   4.0000         22.6200        11.1616        1030.1001      
447.01    3.140696e-09   3.665604e-09   4.0000         22.6200        11.1616        1030.1001      
448.01    3.145068e-09   2.959282e-09   4.0000         22.6200        11.1616        1030.1001      
449.01    3.149446e-09   3.750129e-09   4.0000         22.6200        11.1616        1030.1001      
450.01    3.153830e-09   2.926931e-09   4.0000         22.6200        11.1616        1030.1001      
451.01    3.158220e-09   2.208935e-09   4.0000         22.6200        11.1616        1030.1001      
452.01    3.162616e-09   3.046758e-09   4.0000         22.6200        11.1616        1030.1001      
453.01    3.167018e-09   2.246532e-09   4.0000         22.6200        11.1616        1030.1001      
454.01    3.171426e-09   3.013193e-09   4.0000         22.6200        11.1616        1030.1001      
455.01    3.175841e-09   2.351162e-09   4.0000         22.6200        11.1616        1030.1001      
456.01    3.180261e-09   3.034400e-09   4.0000         22.6200        11.1616        1030.1001      
457.01    3.184688e-09   2.743395e-09   4.0000         22.6200        11.1616        1030.1001      
458.01    3.189121e-09   3.239473e-09   4.0000         22.6200        11.1616        1030.1001      
459.01    3.193560e-09   3.585687e-09   4.0000         22.6200        11.1616        1030.1001      
460.01    3.198005e-09   3.242936e-09   4.0000         22.6200        11.1616        1030.1001      
461.01    3.202456e-09   3.927406e-09   4.0000         22.6200        11.1616        1030.1001      
462.01    3.206914e-09   3.117206e-09   4.0000         22.6200        11.1616        1030.1001      
463.01    3.211378e-09   2.247414e-09   4.0000         22.6200        11.1616        1030.1001      
464.01    3.215848e-09   3.102178e-09   4.0000         22.6200        11.1616        1030.1001      
465.01    3.220324e-09   2.516971e-09   4.0000         22.6200        11.1616        1030.1001      
466.01    3.224807e-09   3.013058e-09   4.0000         22.6200        11.1616        1030.1001      
467.01    3.229295e-09   2.338904e-09   4.0000         22.6200        11.1616        1030.1001      
468.01    3.233790e-09   3.148375e-09   4.0000         22.6200        11.1616        1030.1001      
469.01    3.238292e-09   3.564015e-09   4.0000         22.6200        11.1616        1030.1001      
470.01    3.242799e-09   3.116188e-09   4.0000         22.6200        11.1616        1030.1001      
471.01    3.247313e-09   3.904507e-09   4.0000         22.6200        11.1616        1030.1001      
472.01    3.251833e-09   3.064351e-09   4.0000         22.6200        11.1616        1030.1001      
473.01    3.256359e-09   2.260036e-09   4.0000         22.6200        11.1616        1030.1001      
474.01    3.260892e-09   3.097198e-09   4.0000         22.6200        11.1616        1030.1001      
475.01    3.265431e-09   3.773892e-09   4.0000         22.6200        11.1616        1030.1001      
476.01    3.269976e-09   3.166549e-09   4.0000         22.6200        11.1616        1030.1001      
477.01    3.274527e-09   3.583877e-09   4.0000         22.6200        11.1616        1030.1001      
478.01    3.279085e-09   3.059648e-09   4.0000         22.6200        11.1616        1030.1001      
479.01    3.283650e-09   3.522866e-09   4.0000         22.6200        11.1616        1030.1001      
480.01    3.288220e-09   3.039939e-09   4.0000         22.6200        11.1616        1030.1001      
481.01    3.292797e-09   3.290648e-09   4.0000         22.6200        11.1616        1030.1001      
482.01    3.297380e-09   3.127179e-09   4.0000         22.6200        11.1616        1030.1001      
483.01    3.301970e-09   3.233780e-09   4.0000         22.6200        11.1616        1030.1001      
484.01    3.306566e-09   3.025643e-09   4.0000         22.6200        11.1616        1030.1001      
485.01    3.311169e-09   3.580555e-09   4.0000         22.6200        11.1616        1030.1001      
486.01    3.315777e-09   2.729553e-09   4.0000         22.6200        11.1616        1030.1001      
487.01    3.320393e-09   3.396961e-09   4.0000         22.6200        11.1616        1030.1001      
488.01    3.325014e-09   2.314739e-09   4.0000         22.6200        11.1616        1030.1001      
489.01    3.329643e-09   3.365674e-09   4.0000         22.6200        11.1616        1030.1001      
490.01    3.334277e-09   3.040513e-09   4.0000         22.6200        11.1616        1030.1001      
491.01    3.338918e-09   3.347235e-09   4.0000         22.6200        11.1616        1030.1001      
492.01    3.343566e-09   3.110555e-09   4.0000         22.6200        11.1616        1030.1001      
493.01    3.348220e-09   3.347057e-09   4.0000         22.6200        11.1616        1030.1001      
494.01    3.352880e-09   3.096765e-09   4.0000         22.6200        11.1616        1030.1001      
495.01    3.357547e-09   3.729286e-09   4.0000         22.6200        11.1616        1030.1001      
496.01    3.362220e-09   2.977913e-09   4.0000         22.6200        11.1616        1030.1001      
497.01    3.366900e-09   2.246359e-09   4.0000         22.6200        11.1616        1030.1001      
498.01    3.371587e-09   3.010394e-09   4.0000         22.6200        11.1616        1030.1001      
499.01    3.376280e-09   3.775192e-09   4.0000         22.6200        11.1616        1030.1001      
500.01    3.380979e-09   3.296115e-09   4.0000         22.6200        11.1616        1030.1001      
501.01    3.385685e-09   3.668265e-09   4.0000         22.6200        11.1616        1030.1001      
502.01    3.390398e-09   3.224315e-09   4.0000         22.6200        11.1616        1030.1001      
503.01    3.395117e-09   3.907085e-09   4.0000         22.6200        11.1616        1030.1001      
504.01    3.399842e-09   3.321392e-09   4.0000         22.6200        11.1616        1030.1001      
505.01    3.404575e-09   2.435078e-09   4.0000         22.6200        11.1616        1030.1001      
506.01    3.409313e-09   3.264118e-09   4.0000         22.6200        11.1616        1030.1001      
507.01    3.414059e-09   2.352961e-09   4.0000         22.6200        11.1616        1030.1001      
508.01    3.418811e-09   3.209593e-09   4.0000         22.6200        11.1616        1030.1001      
509.01    3.423570e-09   2.448760e-09   4.0000         22.6200        11.1616        1030.1001      
510.01    3.428335e-09   3.245924e-09   4.0000         22.6200        11.1616        1030.1001      
511.01    3.433107e-09   2.396285e-09   4.0000         22.6200        11.1616        1030.1001      
512.01    3.437885e-09   3.496851e-09   4.0000         22.6200        11.1616        1030.1001      
513.01    3.442671e-09   2.449904e-09   4.0000         22.6200        11.1616        1030.1001      
514.01    3.447462e-09   3.359288e-09   4.0000         22.6200        11.1616        1030.1001      
515.01    3.452261e-09   2.409118e-09   4.0000         22.6200        11.1616        1030.1001      
516.01    3.457066e-09   3.420630e-09   4.0000         22.6200        11.1616        1030.1001      
517.01    3.461878e-09   2.728969e-09   4.0000         22.6200        11.1616        1030.1001      
518.01    3.466697e-09   3.343224e-09   4.0000         22.6200        11.1616        1030.1001      
519.01    3.471522e-09   2.714079e-09   4.0000         22.6200        11.1616        1030.1001      
520.01    3.476354e-09   3.402267e-09   4.0000         22.6200        11.1616        1030.1001      
521.01    3.481193e-09   2.844322e-09   4.0000         22.6200        11.1616        1030.1001      
522.01    3.486038e-09   3.794420e-09   4.0000         22.6200        11.1616        1030.1001      
523.01    3.490890e-09   3.061954e-09   4.0000         22.6200        11.1616        1030.1001      
524.01    3.495749e-09   3.751512e-09   4.0000         22.6200        11.1616        1030.1001      
525.01    3.500615e-09   3.083762e-09   4.0000         22.6200        11.1616        1030.1001      
526.01    3.505487e-09   4.185506e-09   4.0000         22.6200        11.1616        1030.1001      
527.01    3.510367e-09   3.472278e-09   4.0000         22.6200        11.1616        1030.1001      
528.01    3.515253e-09   3.951942e-09   4.0000         22.6200        11.1616        1030.1001      
529.01    3.520146e-09   3.337166e-09   4.0000         22.6200        11.1616        1030.1001      
530.01    3.525045e-09   3.998893e-09   4.0000         22.6200        11.1616        1030.1001      
531.01    3.529952e-09   3.476922e-09   4.0000         22.6200        11.1616        1030.1001      
532.01    3.534865e-09   2.449904e-09   4.0000         22.6200        11.1616        1030.1001      
533.01    3.539785e-09   3.365154e-09   4.0000         22.6200        11.1616        1030.1001      
534.01    3.544712e-09   2.988639e-09   4.0000         22.6200        11.1616        1030.1001      
535.01    3.549646e-09   3.320124e-09   4.0000         22.6200        11.1616        1030.1001      
536.01    3.554587e-09   4.185307e-09   4.0000         22.6200        11.1616        1030.1001      
537.01    3.559534e-09   3.456147e-09   4.0000         22.6200        11.1616        1030.1001      
538.01    3.564489e-09   4.305923e-09   4.0000         22.6200        11.1616        1030.1001      
539.01    3.569450e-09   3.399224e-09   4.0000         22.6200        11.1616        1030.1001      
540.01    3.574419e-09   4.457046e-09   4.0000         22.6200        11.1616        1030.1001      
541.01    3.579394e-09   3.496168e-09   4.0000         22.6200        11.1616        1030.1001      
542.01    3.584376e-09   4.356382e-09   4.0000         22.6200        11.1616        1030.1001      
543.01    3.589365e-09   3.478220e-09   4.0000         22.6200        11.1616        1030.1001      
544.01    3.594361e-09   2.580177e-09   4.0000         22.6200        11.1616        1030.1001      
545.01    3.599364e-09   3.540350e-09   4.0000         22.6200        11.1616        1030.1001      
546.01    3.604374e-09   2.777303e-09   4.0000         22.6200        11.1616        1030.1001      
547.01    3.609391e-09   3.481859e-09   4.0000         22.6200        11.1616        1030.1001      
548.01    3.614415e-09   2.942946e-09   4.0000         22.6200        11.1616        1030.1001      
549.01    3.619445e-09   3.792878e-09   4.0000         22.6200        11.1616        1030.1001      
550.01    3.624483e-09   2.908613e-09   4.0000         22.6200        11.1616        1030.1001      
551.01    3.629528e-09   3.686432e-09   4.0000         22.6200        11.1616        1030.1001      
552.01    3.634580e-09   2.943386e-09   4.0000         22.6200        11.1616        1030.1001      
553.01    3.639639e-09   3.842135e-09   4.0000         22.6200        11.1616        1030.1001      
554.01    3.644705e-09   3.470280e-09   4.0000         22.6200        11.1616        1030.1001      
555.01    3.649778e-09   3.756679e-09   4.0000         22.6200        11.1616        1030.1001      
556.01    3.654858e-09   3.592457e-09   4.0000         22.6200        11.1616        1030.1001      
557.01    3.659945e-09   3.909467e-09   4.0000         22.6200        11.1616        1030.1001      
558.01    3.665039e-09   3.558198e-09   4.0000         22.6200        11.1616        1030.1001      
559.01    3.670141e-09   2.536812e-09   4.0000         22.6200        11.1616        1030.1001      
560.01    3.675249e-09   3.561280e-09   4.0000         22.6200        11.1616        1030.1001      
561.01    3.680365e-09   2.841581e-09   4.0000         22.6200        11.1616        1030.1001      
562.01    3.685487e-09   3.519719e-09   4.0000         22.6200        11.1616        1030.1001      
563.01    3.690617e-09   2.730954e-09   4.0000         22.6200        11.1616        1030.1001      
564.01    3.695754e-09   3.544272e-09   4.0000         22.6200        11.1616        1030.1001      
565.01    3.700898e-09   3.170012e-09   4.0000         22.6200        11.1616        1030.1001      
566.01    3.706049e-09   3.925828e-09   4.0000         22.6200        11.1616        1030.1001      
567.01    3.711208e-09   2.978839e-09   4.0000         22.6200        11.1616        1030.1001      
568.01    3.716373e-09   4.014760e-09   4.0000         22.6200        11.1616        1030.1001      
569.01    3.721546e-09   2.797841e-09   4.0000         22.6200        11.1616        1030.1001      
570.01    3.726726e-09   3.954119e-09   4.0000         22.6200        11.1616        1030.1001      
571.01    3.731913e-09   3.553622e-09   4.0000         22.6200        11.1616        1030.1001      
572.01    3.737108e-09   4.092239e-09   4.0000         22.6200        11.1616        1030.1001      
573.01    3.742309e-09   3.595497e-09   4.0000         22.6200        11.1616        1030.1001      
574.01    3.747518e-09   4.211529e-09   4.0000         22.6200        11.1616        1030.1001      
575.01    3.752734e-09   3.662244e-09   4.0000         22.6200        11.1616        1030.1001      
576.01    3.757958e-09   2.624296e-09   4.0000         22.6200        11.1616        1030.1001      
577.01    3.763188e-09   3.520035e-09   4.0000         22.6200        11.1616        1030.1001      
578.01    3.768426e-09   2.764271e-09   4.0000         22.6200        11.1616        1030.1001      
579.01    3.773671e-09   3.757727e-09   4.0000         22.6200        11.1616        1030.1001      
580.01    3.778924e-09   3.694458e-09   4.0000         22.6200        11.1616        1030.1001      
581.01    3.784184e-09   3.740880e-09   4.0000         22.6200        11.1616        1030.1001      
582.01    3.789451e-09   4.140476e-09   4.0000         22.6200        11.1616        1030.1001      
583.01    3.794725e-09   3.723382e-09   4.0000         22.6200        11.1616        1030.1001      
584.01    3.800007e-09   4.509061e-09   4.0000         22.6200        11.1616        1030.1001      
585.01    3.805296e-09   3.558638e-09   4.0000         22.6200        11.1616        1030.1001      
586.01    3.810593e-09   2.582497e-09   4.0000         22.6200        11.1616        1030.1001      
587.01    3.815897e-09   3.790966e-09   4.0000         22.6200        11.1616        1030.1001      
588.01    3.821208e-09   4.856669e-09   4.0000         22.6200        11.1616        1030.1001      
589.01    3.826527e-09   3.575592e-09   4.0000         22.6200        11.1616        1030.1001      
590.01    3.831853e-09   4.257419e-09   4.0000         22.6200        11.1616        1030.1001      
591.01    3.837186e-09   3.434851e-09   4.0000         22.6200        11.1616        1030.1001      
592.01    3.842527e-09   4.139630e-09   4.0000         22.6200        11.1616        1030.1001      
593.01    3.847875e-09   3.634283e-09   4.0000         22.6200        11.1616        1030.1001      
594.01    3.853231e-09   3.978200e-09   4.0000         22.6200        11.1616        1030.1001      
595.01    3.858594e-09   3.696672e-09   4.0000         22.6200        11.1616        1030.1001      
596.01    3.863965e-09   3.956222e-09   4.0000         22.6200        11.1616        1030.1001      
597.01    3.869343e-09   3.767291e-09   4.0000         22.6200        11.1616        1030.1001      
598.01    3.874729e-09   4.639681e-09   4.0000         22.6200        11.1616        1030.1001      
599.01    3.880122e-09   3.579172e-09   4.0000         22.6200        11.1616        1030.1001      
600.01    3.885523e-09   4.616253e-09   4.0000         22.6200        11.1616        1030.1001      
601.01    3.890931e-09   3.877302e-09   4.0000         22.6200        11.1616        1030.1001      
602.01    3.896347e-09   4.776675e-09   4.0000         22.6200        11.1616        1030.1001      
603.01    3.901770e-09   3.832917e-09   4.0000         22.6200        11.1616        1030.1001      
604.01    3.907201e-09   4.723324e-09   4.0000         22.6200        11.1616        1030.1001      
605.01    3.912639e-09   3.920554e-09   4.0000         22.6200        11.1616        1030.1001      
606.01    3.918085e-09   4.667730e-09   4.0000         22.6200        11.1616        1030.1001      
607.01    3.923539e-09   3.705739e-09   4.0000         22.6200        11.1616        1030.1001      
608.01    3.929000e-09   2.765147e-09   4.0000         22.6200        11.1616        1030.1001      
609.01    3.934468e-09   3.835645e-09   4.0000         22.6200        11.1616        1030.1001      
610.01    3.939945e-09   2.827997e-09   4.0000         22.6200        11.1616        1030.1001      
611.01    3.945429e-09   3.771952e-09   4.0000         22.6200        11.1616        1030.1001      
612.01    3.950920e-09   2.979072e-09   4.0000         22.6200        11.1616        1030.1001      
613.01    3.956419e-09   4.039428e-09   4.0000         22.6200        11.1616        1030.1001      
614.01    3.961926e-09   2.962202e-09   4.0000         22.6200        11.1616        1030.1001      
615.01    3.967441e-09   4.040997e-09   4.0000         22.6200        11.1616        1030.1001      
616.01    3.972963e-09   3.115297e-09   4.0000         22.6200        11.1616        1030.1001      
617.01    3.978493e-09   3.828506e-09   4.0000         22.6200        11.1616        1030.1001      
618.01    3.984030e-09   4.286420e-09   4.0000         22.6200        11.1616        1030.1001      
619.01    3.989576e-09   3.883905e-09   4.0000         22.6200        11.1616        1030.1001      
620.01    3.995129e-09   3.243852e-09   4.0000         22.6200        11.1616        1030.1001      
621.01    4.000689e-09   4.021572e-09   4.0000         22.6200        11.1616        1030.1001      
622.01    4.006258e-09   3.473200e-09   4.0000         22.6200        11.1616        1030.1001      
623.01    4.011834e-09   4.045397e-09   4.0000         22.6200        11.1616        1030.1001      
624.01    4.017418e-09   3.555553e-09   4.0000         22.6200        11.1616        1030.1001      
625.01    4.023010e-09   4.282997e-09   4.0000         22.6200        11.1616        1030.1001      
626.01    4.028609e-09   3.558095e-09   4.0000         22.6200        11.1616        1030.1001      
627.01    4.034217e-09   4.535511e-09   4.0000         22.6200        11.1616        1030.1001      
628.01    4.039832e-09   3.641246e-09   4.0000         22.6200        11.1616        1030.1001      
629.01    4.045455e-09   4.669706e-09   4.0000         22.6200        11.1616        1030.1001      
630.01    4.051086e-09   3.922478e-09   4.0000         22.6200        11.1616        1030.1001      
631.01    4.056724e-09   4.861024e-09   4.0000         22.6200        11.1616        1030.1001      
632.01    4.062371e-09   4.011334e-09   4.0000         22.6200        11.1616        1030.1001      
633.01    4.068025e-09   4.724006e-09   4.0000         22.6200        11.1616        1030.1001      
634.01    4.073687e-09   3.976741e-09   4.0000         22.6200        11.1616        1030.1001      
635.01    4.079357e-09   3.553387e-09   4.0000         22.6200        11.1616        1030.1001      
636.01    4.085035e-09   4.069370e-09   4.0000         22.6200        11.1616        1030.1001      
637.01    4.090721e-09   3.636400e-09   4.0000         22.6200        11.1616        1030.1001      
638.01    4.096415e-09   4.189071e-09   4.0000         22.6200        11.1616        1030.1001      
639.01    4.102117e-09   3.832917e-09   4.0000         22.6200        11.1616        1030.1001      
640.01    4.107826e-09   4.724006e-09   4.0000         22.6200        11.1616        1030.1001      
641.01    4.113544e-09   3.989956e-09   4.0000         22.6200        11.1616        1030.1001      
642.01    4.119269e-09   4.859888e-09   4.0000         22.6200        11.1616        1030.1001      
643.01    4.125003e-09   3.904634e-09   4.0000         22.6200        11.1616        1030.1001      
644.01    4.130744e-09   5.295792e-09   4.0000         22.6200        11.1616        1030.1001      
645.01    4.136494e-09   4.014718e-09   4.0000         22.6200        11.1616        1030.1001      
646.01    4.142251e-09   5.060184e-09   4.0000         22.6200        11.1616        1030.1001      
647.01    4.148017e-09   4.106465e-09   4.0000         22.6200        11.1616        1030.1001      
648.01    4.153790e-09   5.001562e-09   4.0000         22.6200        11.1616        1030.1001      
649.01    4.159572e-09   3.986185e-09   4.0000         22.6200        11.1616        1030.1001      
650.01    4.165362e-09   4.487966e-09   4.0000         22.6200        11.1616        1030.1001      
651.01    4.171159e-09   4.032871e-09   4.0000         22.6200        11.1616        1030.1001      
652.01    4.176965e-09   4.592271e-09   4.0000         22.6200        11.1616        1030.1001      
653.01    4.182779e-09   4.104486e-09   4.0000         22.6200        11.1616        1030.1001      
654.01    4.188601e-09   4.799095e-09   4.0000         22.6200        11.1616        1030.1001      
655.01    4.194431e-09   3.340278e-09   4.0000         22.6200        11.1616        1030.1001      
656.01    4.200269e-09   4.312776e-09   4.0000         22.6200        11.1616        1030.1001      
657.01    4.206115e-09   4.075232e-09   4.0000         22.6200        11.1616        1030.1001      
658.01    4.211970e-09   4.206423e-09   4.0000         22.6200        11.1616        1030.1001      
659.01    4.217832e-09   3.172105e-09   4.0000         22.6200        11.1616        1030.1001      
660.01    4.223703e-09   4.154608e-09   4.0000         22.6200        11.1616        1030.1001      
661.01    4.229582e-09   5.120228e-09   4.0000         22.6200        11.1616        1030.1001      
662.01    4.235469e-09   4.290420e-09   4.0000         22.6200        11.1616        1030.1001      
663.01    4.241364e-09   4.288964e-09   4.0000         22.6200        11.1616        1030.1001      
664.01    4.247268e-09   4.145009e-09   4.0000         22.6200        11.1616        1030.1001      
665.01    4.253179e-09   4.160888e-09   4.0000         22.6200        11.1616        1030.1001      
666.01    4.259099e-09   3.397707e-09   4.0000         22.6200        11.1616        1030.1001      
667.01    4.265027e-09   4.318543e-09   4.0000         22.6200        11.1616        1030.1001      
668.01    4.270964e-09   4.645923e-09   4.0000         22.6200        11.1616        1030.1001      
669.01    4.276908e-09   4.204227e-09   4.0000         22.6200        11.1616        1030.1001      
670.01    4.282861e-09   5.326367e-09   4.0000         22.6200        11.1616        1030.1001      
671.01    4.288822e-09   4.031567e-09   4.0000         22.6200        11.1616        1030.1001      
672.01    4.294792e-09   4.462910e-09   4.0000         22.6200        11.1616        1030.1001      
673.01    4.300770e-09   4.084054e-09   4.0000         22.6200        11.1616        1030.1001      
674.01    4.306756e-09   5.084080e-09   4.0000         22.6200        11.1616        1030.1001      
675.01    4.312750e-09   3.597485e-09   4.0000         22.6200        11.1616        1030.1001      
676.01    4.318753e-09   4.405233e-09   4.0000         22.6200        11.1616        1030.1001      
677.01    4.324764e-09   3.378952e-09   4.0000         22.6200        11.1616        1030.1001      
678.01    4.330784e-09   4.355393e-09   4.0000         22.6200        11.1616        1030.1001      
679.01    4.336812e-09   3.397460e-09   4.0000         22.6200        11.1616        1030.1001      
680.01    4.342848e-09   4.284033e-09   4.0000         22.6200        11.1616        1030.1001      
681.01    4.348893e-09   3.658127e-09   4.0000         22.6200        11.1616        1030.1001      
682.01    4.354946e-09   4.299997e-09   4.0000         22.6200        11.1616        1030.1001      
683.01    4.361007e-09   5.238257e-09   4.0000         22.6200        11.1616        1030.1001      
684.01    4.367077e-09   4.267810e-09   4.0000         22.6200        11.1616        1030.1001      
685.01    4.373156e-09   4.459325e-09   4.0000         22.6200        11.1616        1030.1001      
686.01    4.379243e-09   3.721348e-09   4.0000         22.6200        11.1616        1030.1001      
687.01    4.385338e-09   4.304584e-09   4.0000         22.6200        11.1616        1030.1001      
688.01    4.391442e-09   3.265977e-09   4.0000         22.6200        11.1616        1030.1001      
689.01    4.397554e-09   4.400781e-09   4.0000         22.6200        11.1616        1030.1001      
690.01    4.403675e-09   5.422332e-09   4.0000         22.6200        11.1616        1030.1001      
691.01    4.409805e-09   4.415447e-09   4.0000         22.6200        11.1616        1030.1001      
692.01    4.415942e-09   4.389361e-09   4.0000         22.6200        11.1616        1030.1001      
693.01    4.422089e-09   4.295104e-09   4.0000         22.6200        11.1616        1030.1001      
694.01    4.428244e-09   4.746723e-09   4.0000         22.6200        11.1616        1030.1001      
695.01    4.434407e-09   3.558357e-09   4.0000         22.6200        11.1616        1030.1001      
696.01    4.440580e-09   4.564526e-09   4.0000         22.6200        11.1616        1030.1001      
697.01    4.446760e-09   3.939546e-09   4.0000         22.6200        11.1616        1030.1001      
698.01    4.452950e-09   4.349180e-09   4.0000         22.6200        11.1616        1030.1001      
699.01    4.459148e-09   5.238257e-09   4.0000         22.6200        11.1616        1030.1001      
700.01    4.465354e-09   4.266294e-09   4.0000         22.6200        11.1616        1030.1001      
701.01    4.471569e-09   4.314942e-09   4.0000         22.6200        11.1616        1030.1001      
702.01    4.477793e-09   4.299396e-09   4.0000         22.6200        11.1616        1030.1001      
703.01    4.484026e-09   5.175702e-09   4.0000         22.6200        11.1616        1030.1001      
704.01    4.490267e-09   3.965681e-09   4.0000         22.6200        11.1616        1030.1001      
705.01    4.496517e-09   4.700458e-09   4.0000         22.6200        11.1616        1030.1001      
706.01    4.502776e-09   4.316964e-09   4.0000         22.6200        11.1616        1030.1001      
707.01    4.509043e-09   4.490107e-09   4.0000         22.6200        11.1616        1030.1001      
708.01    4.515319e-09   4.244082e-09   4.0000         22.6200        11.1616        1030.1001      
709.01    4.521604e-09   4.509892e-09   4.0000         22.6200        11.1616        1030.1001      
710.01    4.527897e-09   3.660669e-09   4.0000         22.6200        11.1616        1030.1001      
711.01    4.534199e-09   4.533480e-09   4.0000         22.6200        11.1616        1030.1001      
712.01    4.540510e-09   3.439112e-09   4.0000         22.6200        11.1616        1030.1001      
713.01    4.546830e-09   4.564753e-09   4.0000         22.6200        11.1616        1030.1001      
714.01    4.553159e-09   3.965411e-09   4.0000         22.6200        11.1616        1030.1001      
715.01    4.559496e-09   4.674228e-09   4.0000         22.6200        11.1616        1030.1001      
716.01    4.565843e-09   4.368013e-09   4.0000         22.6200        11.1616        1030.1001      
717.01    4.572198e-09   4.648152e-09   4.0000         22.6200        11.1616        1030.1001      
718.01    4.578562e-09   4.417516e-09   4.0000         22.6200        11.1616        1030.1001      
719.01    4.584934e-09   4.591108e-09   4.0000         22.6200        11.1616        1030.1001      
720.01    4.591316e-09   3.989956e-09   4.0000         22.6200        11.1616        1030.1001      
721.01    4.597707e-09   4.856261e-09   4.0000         22.6200        11.1616        1030.1001      
722.01    4.604106e-09   3.538201e-09   4.0000         22.6200        11.1616        1030.1001      
723.01    4.610514e-09   4.567341e-09   4.0000         22.6200        11.1616        1030.1001      
724.01    4.616932e-09   4.219726e-09   4.0000         22.6200        11.1616        1030.1001      
725.01    4.623358e-09   4.505904e-09   4.0000         22.6200        11.1616        1030.1001      
726.01    4.629793e-09   5.809058e-09   4.0000         22.6200        11.1616        1030.1001      
727.01    4.636237e-09   4.613464e-09   4.0000         22.6200        11.1616        1030.1001      
728.01    4.642690e-09   3.598254e-09   4.0000         22.6200        11.1616        1030.1001      
729.01    4.649152e-09   4.482972e-09   4.0000         22.6200        11.1616        1030.1001      
730.01    4.655623e-09   3.539807e-09   4.0000         22.6200        11.1616        1030.1001      
731.01    4.662103e-09   4.720294e-09   4.0000         22.6200        11.1616        1030.1001      
732.01    4.668592e-09   3.620614e-09   4.0000         22.6200        11.1616        1030.1001      
733.01    4.675090e-09   4.666884e-09   4.0000         22.6200        11.1616        1030.1001      
734.01    4.681598e-09   3.642060e-09   4.0000         22.6200        11.1616        1030.1001      
735.01    4.688114e-09   4.748182e-09   4.0000         22.6200        11.1616        1030.1001      
736.01    4.694639e-09   3.704953e-09   4.0000         22.6200        11.1616        1030.1001      
737.01    4.701173e-09   4.783623e-09   4.0000         22.6200        11.1616        1030.1001      
738.01    4.707717e-09   4.522071e-09   4.0000         22.6200        11.1616        1030.1001      
739.01    4.714269e-09   4.868027e-09   4.0000         22.6200        11.1616        1030.1001      
740.01    4.720831e-09   4.705446e-09   4.0000         22.6200        11.1616        1030.1001      
741.01    4.727402e-09   4.812296e-09   4.0000         22.6200        11.1616        1030.1001      
742.01    4.733982e-09   4.653540e-09   4.0000         22.6200        11.1616        1030.1001      
743.01    4.740571e-09   4.951193e-09   4.0000         22.6200        11.1616        1030.1001      
744.01    4.747169e-09   4.615591e-09   4.0000         22.6200        11.1616        1030.1001      
745.01    4.753777e-09   3.810645e-09   4.0000         22.6200        11.1616        1030.1001      
746.01    4.760393e-09   4.668377e-09   4.0000         22.6200        11.1616        1030.1001      
747.01    4.767019e-09   3.790966e-09   4.0000         22.6200        11.1616        1030.1001      
748.01    4.773654e-09   4.859442e-09   4.0000         22.6200        11.1616        1030.1001      
749.01    4.780299e-09   3.857869e-09   4.0000         22.6200        11.1616        1030.1001      
750.01    4.786952e-09   5.031612e-09   4.0000         22.6200        11.1616        1030.1001      
751.01    4.793615e-09   4.131056e-09   4.0000         22.6200        11.1616        1030.1001      
752.01    4.800287e-09   5.121736e-09   4.0000         22.6200        11.1616        1030.1001      
753.01    4.806969e-09   4.451113e-09   4.0000         22.6200        11.1616        1030.1001      
754.01    4.813659e-09   5.425490e-09   4.0000         22.6200        11.1616        1030.1001      
755.01    4.820359e-09   4.739785e-09   4.0000         22.6200        11.1616        1030.1001      
756.01    4.827069e-09   5.551313e-09   4.0000         22.6200        11.1616        1030.1001      
757.01    4.833787e-09   4.791525e-09   4.0000         22.6200        11.1616        1030.1001      
758.01    4.840515e-09   5.303615e-09   4.0000         22.6200        11.1616        1030.1001      
759.01    4.847253e-09   4.781589e-09   4.0000         22.6200        11.1616        1030.1001      
760.01    4.854000e-09   4.320177e-09   4.0000         22.6200        11.1616        1030.1001      
761.01    4.860756e-09   4.809948e-09   4.0000         22.6200        11.1616        1030.1001      
762.01    4.867521e-09   4.420240e-09   4.0000         22.6200        11.1616        1030.1001      
763.01    4.874296e-09   4.879530e-09   4.0000         22.6200        11.1616        1030.1001      
764.01    4.881081e-09   5.844233e-09   4.0000         22.6200        11.1616        1030.1001      
765.01    4.887875e-09   4.816199e-09   4.0000         22.6200        11.1616        1030.1001      
766.01    4.894678e-09   5.039380e-09   4.0000         22.6200        11.1616        1030.1001      
767.01    4.901491e-09   4.910472e-09   4.0000         22.6200        11.1616        1030.1001      
768.01    4.908313e-09   6.152708e-09   4.0000         22.6200        11.1616        1030.1001      
769.01    4.915145e-09   4.830031e-09   4.0000         22.6200        11.1616        1030.1001      
770.01    4.921986e-09   3.685923e-09   4.0000         22.6200        11.1616        1030.1001      
771.01    4.928837e-09   4.997105e-09   4.0000         22.6200        11.1616        1030.1001      
772.01    4.935697e-09   6.366953e-09   4.0000         22.6200        11.1616        1030.1001      
773.01    4.942567e-09   4.823667e-09   4.0000         22.6200        11.1616        1030.1001      
774.01    4.949446e-09   5.778441e-09   4.0000         22.6200        11.1616        1030.1001      
775.01    4.956335e-09   4.873163e-09   4.0000         22.6200        11.1616        1030.1001      
776.01    4.963234e-09   5.215889e-09   4.0000         22.6200        11.1616        1030.1001      
777.01    4.970142e-09   5.012159e-09   4.0000         22.6200        11.1616        1030.1001      
778.01    4.977060e-09   5.039380e-09   4.0000         22.6200        11.1616        1030.1001      
779.01    4.983987e-09   4.898357e-09   4.0000         22.6200        11.1616        1030.1001      
780.01    4.990924e-09   4.945693e-09   4.0000         22.6200        11.1616        1030.1001      
781.01    4.997871e-09   4.084348e-09   4.0000         22.6200        11.1616        1030.1001      
782.01    5.004828e-09   5.118297e-09   4.0000         22.6200        11.1616        1030.1001      
783.01    5.011794e-09   4.108227e-09   4.0000         22.6200        11.1616        1030.1001      
784.01    5.018770e-09   5.177093e-09   4.0000         22.6200        11.1616        1030.1001      
785.01    5.025755e-09   4.107046e-09   4.0000         22.6200        11.1616        1030.1001      
786.01    5.032750e-09   5.062115e-09   4.0000         22.6200        11.1616        1030.1001      
787.01    5.039755e-09   4.296776e-09   4.0000         22.6200        11.1616        1030.1001      
788.01    5.046770e-09   4.916154e-09   4.0000         22.6200        11.1616        1030.1001      
789.01    5.053794e-09   3.945976e-09   4.0000         22.6200        11.1616        1030.1001      
790.01    5.060829e-09   4.981418e-09   4.0000         22.6200        11.1616        1030.1001      
791.01    5.067873e-09   4.816199e-09   4.0000         22.6200        11.1616        1030.1001      
792.01    5.074927e-09   5.052061e-09   4.0000         22.6200        11.1616        1030.1001      
793.01    5.081990e-09   6.156171e-09   4.0000         22.6200        11.1616        1030.1001      
794.01    5.089064e-09   5.189515e-09   4.0000         22.6200        11.1616        1030.1001      
795.01    5.096147e-09   5.335926e-09   4.0000         22.6200        11.1616        1030.1001      
796.01    5.103240e-09   4.998217e-09   4.0000         22.6200        11.1616        1030.1001      
797.01    5.110343e-09   6.479001e-09   4.0000         22.6200        11.1616        1030.1001      
798.01    5.117456e-09   5.021661e-09   4.0000         22.6200        11.1616        1030.1001      
799.01    5.124579e-09   5.980078e-09   4.0000         22.6200        11.1616        1030.1001      
800.01    5.131712e-09   4.907022e-09   4.0000         22.6200        11.1616        1030.1001      
801.01    5.138855e-09   5.812365e-09   4.0000         22.6200        11.1616        1030.1001      
802.01    5.146032e-09   4.965211e-09   4.0022         22.6200        11.1712        1030.1097      
803.01    5.160932e-09   6.015175e-09   4.2250         22.6200        12.1476        1031.0860      
804.01    5.187710e-09   4.990164e-09   4.7233         22.6200        14.3311        1033.2696      
805.01    5.212759e-09   5.683824e-09   5.0512         22.6200        15.7680        1034.7065      
806.01    5.232320e-09   5.222329e-09   5.1700         22.6200        16.2886        1035.2270      
807.01    5.247625e-09   5.650903e-09   5.1700         22.6200        16.2886        1035.2270      
808.01    5.262155e-09   5.163197e-09   5.1700         22.6200        16.2886        1035.2270      
809.01    5.276228e-09   5.650903e-09   5.1700         22.6200        16.2886        1035.2270      
810.01    5.289966e-09   5.171576e-09   5.1700         22.6200        16.2886        1035.2270      
811.01    5.303443e-09   6.479581e-09   5.1700         22.6200        16.2886        1035.2270      
812.01    5.316707e-09   5.086819e-09   5.1700         22.6200        16.2886        1035.2270      
813.01    5.329793e-09   6.747235e-09   5.1700         22.6200        16.2886        1035.2270      
814.01    5.342730e-09   5.412997e-09   5.1700         22.6200        16.2886        1035.2270      
815.01    5.355537e-09   6.556104e-09   5.1700         22.6200        16.2886        1035.2270      
816.01    5.368235e-09   5.282800e-09   5.1700         22.6200        16.2886        1035.2270      
817.01    5.380836e-09   5.718170e-09   5.1700         22.6200        16.2886        1035.2270      
818.01    5.393356e-09   5.412245e-09   5.1700         22.6200        16.2886        1035.2270      
819.01    5.405804e-09   6.481363e-09   5.1700         22.6200        16.2886        1035.2270      
820.01    5.418191e-09   5.257973e-09   5.1700         22.6200        16.2886        1035.2270      
821.01    5.430524e-09   6.219134e-09   5.1700         22.6200        16.2886        1035.2270      
822.01    5.442811e-09   4.428428e-09   5.1700         22.6200        16.2886        1035.2270      
823.01    5.455059e-09   5.685040e-09   5.1700         22.6200        16.2886        1035.2270      
824.01    5.467263e-09   5.340420e-09   5.1692         22.6200        16.2851        1035.2235      
825.01    5.476388e-09   5.421576e-09   5.0839         22.6200        15.9113        1034.8497      
826.01    5.464986e-09   4.349180e-09   4.4757         22.6200        13.2461        1032.1846      
827.01    5.454601e-09   5.255509e-09   4.0458         22.6200        11.3623        1030.3008      
828.01    5.446715e-09   5.984188e-09   3.6236         22.6200        10.1113        1029.0498      
829.01    5.433169e-09   5.317411e-09   2.9857         22.6200        8.3313         1027.2698      
830.01    5.421930e-09   6.155282e-09   2.5538         22.6200        7.1261         1026.0646      
831.01    5.405307e-09   5.107754e-09   1.9390         22.6200        5.4106         1024.3490      
832.01    5.398396e-09   5.950449e-09   1.8371         22.6200        5.1262         1024.0647      
833.01    5.388091e-09   5.340734e-09   1.5443         22.6200        4.3092         1023.2477      
834.01    5.370737e-09   5.460517e-09   0.9773         22.6200        2.7271         1021.6655      
835.01    5.358029e-09   5.144158e-09   0.7038         22.6200        1.9639         1020.9023      
836.01    5.337325e-09   6.667597e-09   0.0891         22.6200        0.2486         1019.1871      
837.01    5.326288e-09   5.106735e-09   0.0000         22.6200        0.0000         1018.9385      
838.01    5.318330e-09   5.840762e-09   0.0000         22.6200        0.0000         1018.9385      
839.01    5.311394e-09   4.476497e-09   0.0000         22.6200        0.0000         1018.9385      
840.01    5.305201e-09   5.431878e-09   0.0000         22.6200        0.0000         1018.9385      
841.01    5.299611e-09   5.370630e-09   0.0000         22.6200        0.0000         1018.9385      
842.01    5.294528e-09   5.399486e-09   0.0000         22.6200        0.0000         1018.9385      
843.01    5.289882e-09   5.220095e-09   0.0000         22.6200        0.0000         1018.9385      
844.01    5.285617e-09   5.427720e-09   0.0000         22.6200        0.0000         1018.9385      
845.01    5.281688e-09   4.961189e-09   0.0000         22.6200        0.0000         1018.9385      
846.01    5.278059e-09   5.613149e-09   0.0000         22.6200        0.0000         1018.9385      
847.01    5.274697e-09   4.608511e-09   0.0000         22.6200        0.0000         1018.9385      
848.01    5.271574e-09   5.707557e-09   0.0000         22.6200        0.0000         1018.9385      
849.01    5.268667e-09   4.350094e-09   0.0000         22.6200        0.0000         1018.9385      
850.01    5.265956e-09   5.337087e-09   0.0000         22.6200        0.0000         1018.9385      
851.01    5.263422e-09   5.103142e-09   0.0000         22.6200        0.0000         1018.9385      
852.01    5.261050e-09   5.492336e-09   0.0000         22.6200        0.0000         1018.9385      
853.01    5.258824e-09   5.188904e-09   0.0000         22.6200        0.0000         1018.9385      
854.01    5.256734e-09   5.277169e-09   0.0000         22.6200        0.0000         1018.9385      
855.01    5.254766e-09   5.166204e-09   0.0000         22.6200        0.0000         1018.9385      
856.01    5.252913e-09   5.947173e-09   0.0000         22.6200        0.0000         1018.9385      
857.01    5.251164e-09   5.019627e-09   0.0000         22.6200        0.0000         1018.9385      
858.01    5.249511e-09   5.776787e-09   0.0000         22.6200        0.0000         1018.9385      
859.01    5.247948e-09   4.714520e-09   0.0000         22.6200        0.0000         1018.9385      
860.01    5.246468e-09   5.710129e-09   0.0000         22.6200        0.0000         1018.9385      
861.01    5.245064e-09   4.606251e-09   0.0000         22.6200        0.0000         1018.9385      
862.01    5.243732e-09   5.494159e-09   0.0000         22.6200        0.0000         1018.9385      
863.01    5.242466e-09   5.371255e-09   0.0000         22.6200        0.0000         1018.9385      
864.01    5.241261e-09   5.459930e-09   0.0000         22.6200        0.0000         1018.9385      
865.01    5.240115e-09   5.073536e-09   0.0000         22.6200        0.0000         1018.9385      
866.01    5.239022e-09   5.430055e-09   0.0000         22.6200        0.0000         1018.9385      
867.01    5.237980e-09   5.188000e-09   0.0000         22.6200        0.0000         1018.9385      
CPU TIME: 0.0367 seconds.
