Time      Power          Hist_Power     FR_Position    CR_Position    RHO            InsertRho      
0.00      1.758564e-09   1.757920e-09   0.0000         22.6300        0.7385         1019.6769      
1.00      1.764169e-09   1.631170e-09   0.4600         22.6300        2.2335         1021.1719      
2.00      1.768684e-09   1.341220e-09   0.8100         22.6300        3.3710         1022.3094      
3.01      1.775178e-09   2.078350e-09   1.3234         22.6300        5.0395         1023.9780      
4.01      1.781005e-09   1.003372e-09   1.6634         22.6300        6.1445         1025.0830      
5.01      1.787232e-09   1.907540e-09   2.0050         22.6300        7.2547         1026.1932      
6.01      1.795324e-09   2.109047e-09   2.5033         22.6300        8.8742         1027.8126      
7.01      1.802708e-09   1.664852e-09   2.8349         22.6300        9.9519         1028.8903      
8.01      1.811871e-09   1.241402e-09   3.3233         22.6300        11.5392        1030.4776      
9.01      1.820347e-09   1.644719e-09   3.6533         22.6300        12.6117        1031.5501      
10.01     1.829140e-09   2.044476e-09   3.9850         22.6300        13.6897        1032.6282      
11.01     1.842277e-09   1.156969e-09   4.4834         22.6300        16.1555        1035.0939      
12.01     1.854711e-09   2.025297e-09   4.8250         22.6300        17.8635        1036.8019      
13.01     1.870157e-09   1.560803e-09   5.3234         22.6300        20.3555        1039.2939      
14.01     1.884651e-09   1.855017e-09   5.6651         22.6300        22.0640        1041.0024      
15.01     1.902307e-09   1.160510e-09   6.1734         22.6300        24.6055        1043.5439      
16.01     1.918839e-09   1.732429e-09   6.5133         22.6300        26.3050        1045.2434      
17.01     1.935836e-09   2.183871e-09   6.8444         22.6300        27.9605        1046.8989      
18.00     1.955017e-09   1.798870e-09   7.2800         22.6300        30.1385        1049.0769      
19.00     1.972169e-09   2.264640e-09   7.5000         22.6300        31.2385        1050.1769      
20.00     1.990090e-09   1.594040e-09   7.7600         22.6300        32.5385        1051.4769      
21.00     2.006454e-09   1.916460e-09   7.8900         22.6300        33.1885        1052.1269      
22.00     2.021133e-09   1.168150e-09   7.9200         22.6300        33.3385        1052.2769      
23.00     2.036819e-09   2.018370e-09   8.0200         22.6300        33.9435        1052.8819      
24.00     2.050470e-09   2.264640e-09   8.0100         22.6300        33.8410        1052.7794      
25.00     2.063912e-09   1.949850e-09   8.0100         22.6300        33.8410        1052.7794      
26.00     2.076750e-09   2.200390e-09   8.0000         22.6300        33.7385        1052.6769      
27.00     2.089605e-09   1.995260e-09   8.0000         22.6300        33.7385        1052.6769      
28.00     2.102292e-09   2.317400e-09   8.0000         22.6300        33.7385        1052.6769      
29.00     2.114822e-09   1.531090e-09   8.0000         22.6300        33.7385        1052.6769      
30.00     2.127218e-09   2.225870e-09   8.0000         22.6300        33.7385        1052.6769      
31.00     2.139497e-09   1.513560e-09   8.0000         22.6300        33.7385        1052.6769      
32.00     2.151675e-09   2.162720e-09   8.0000         22.6300        33.7385        1052.6769      
33.00     2.163765e-09   2.357760e-09   8.0000         22.6300        33.7385        1052.6769      
34.00     2.175781e-09   2.030020e-09   8.0000         22.6300        33.7385        1052.6769      
35.00     2.187732e-09   2.511890e-09   8.0000         22.6300        33.7385        1052.6769      
36.00     2.199630e-09   1.348960e-09   8.0000         22.6300        33.7385        1052.6769      
37.00     2.211481e-09   2.225870e-09   8.0000         22.6300        33.7385        1052.6769      
38.00     2.223295e-09   2.483130e-09   8.0000         22.6300        33.7385        1052.6769      
39.00     2.235078e-09   2.041740e-09   8.0000         22.6300        33.7385        1052.6769      
40.00     2.246835e-09   2.555640e-09   8.0000         22.6300        33.7385        1052.6769      
41.00     2.258574e-09   1.798870e-09   8.0000         22.6300        33.7385        1052.6769      
42.00     2.270299e-09   2.317400e-09   8.0000         22.6300        33.7385        1052.6769      
43.00     2.282014e-09   1.778280e-09   8.0000         22.6300        33.7385        1052.6769      
44.01     2.293842e-09   2.223336e-09   8.0000         22.6300        33.7385        1052.6769      
45.01     2.305551e-09   1.973831e-09   8.0000         22.6300        33.7385        1052.6769      
46.01     2.317264e-09   2.116902e-09   8.0000         22.6300        33.7385        1052.6769      
47.01     2.328982e-09   2.445039e-09   8.0000         22.6300        33.7385        1052.6769      
48.01     2.340709e-09   1.495420e-09   8.0000         22.6300        33.7385        1052.6769      
49.01     2.352448e-09   2.260191e-09   8.0000         22.6300        33.7385        1052.6769      
50.01     2.364202e-09   1.823890e-09   8.0000         22.6300        33.7385        1052.6769      
51.01     2.375973e-09   2.230704e-09   8.0000         22.6300        33.7385        1052.6769      
52.01     2.387763e-09   1.445415e-09   8.0000         22.6300        33.7385        1052.6769      
53.01     2.399575e-09   2.269221e-09   8.0000         22.6300        33.7385        1052.6769      
54.01     2.411410e-09   2.718647e-09   8.0000         22.6300        33.7385        1052.6769      
55.01     2.423271e-09   2.318632e-09   8.0000         22.6300        33.7385        1052.6769      
56.01     2.435159e-09   2.436514e-09   8.0000         22.6300        33.7385        1052.6769      
57.01     2.447076e-09   2.033986e-09   8.0000         22.6300        33.7385        1052.6769      
58.01     2.459023e-09   2.417743e-09   8.0000         22.6300        33.7385        1052.6769      
59.01     2.471003e-09   1.548108e-09   8.0000         22.6300        33.7385        1052.6769      
60.01     2.483015e-09   2.362366e-09   8.0000         22.6300        33.7385        1052.6769      
61.01     2.495063e-09   2.813774e-09   8.0000         22.6300        33.7385        1052.6769      
62.01     2.507146e-09   2.359886e-09   8.0000         22.6300        33.7385        1052.6769      
63.01     2.519267e-09   2.568138e-09   8.0000         22.6300        33.7385        1052.6769      
64.01     2.531425e-09   2.345619e-09   8.0000         22.6300        33.7385        1052.6769      
65.01     2.543624e-09   2.475379e-09   8.0000         22.6300        33.7385        1052.6769      
66.01     2.555862e-09   1.717121e-09   8.0000         22.6300        33.7385        1052.6769      
67.01     2.568142e-09   2.612059e-09   8.0000         22.6300        33.7385        1052.6769      
68.01     2.580464e-09   2.306168e-09   8.0000         22.6300        33.7385        1052.6769      
69.01     2.592829e-09   2.509680e-09   8.0000         22.6300        33.7385        1052.6769      
70.01     2.605239e-09   2.293371e-09   8.0000         22.6300        33.7385        1052.6769      
71.01     2.617693e-09   2.534181e-09   8.0000         22.6300        33.7385        1052.6769      
72.01     2.630193e-09   1.868444e-09   8.0000         22.6300        33.7385        1052.6769      
73.00     2.642613e-09   2.497470e-09   8.0000         22.6300        33.7385        1052.6769      
74.00     2.655206e-09   1.717910e-09   8.0000         22.6300        33.7385        1052.6769      
75.00     2.667846e-09   2.540970e-09   8.0000         22.6300        33.7385        1052.6769      
76.00     2.680535e-09   1.650060e-09   8.0000         22.6300        33.7385        1052.6769      
77.00     2.693274e-09   2.497470e-09   8.0000         22.6300        33.7385        1052.6769      
78.00     2.706062e-09   2.238720e-09   8.0000         22.6300        33.7385        1052.6769      
79.00     2.718900e-09   2.615170e-09   8.0000         22.6300        33.7385        1052.6769      
80.00     2.731789e-09   2.900680e-09   8.0000         22.6300        33.7385        1052.6769      
81.00     2.744730e-09   2.585240e-09   8.0000         22.6300        33.7385        1052.6769      
82.00     2.757722e-09   1.778280e-09   8.0000         22.6300        33.7385        1052.6769      
83.00     2.770768e-09   2.600160e-09   8.0000         22.6300        33.7385        1052.6769      
84.00     2.783866e-09   2.006780e-09   8.0000         22.6300        33.7385        1052.6769      
85.00     2.797018e-09   2.676090e-09   8.0000         22.6300        33.7385        1052.6769      
86.00     2.810224e-09   2.330770e-09   8.0000         22.6300        33.7385        1052.6769      
87.00     2.823485e-09   2.570400e-09   8.0000         22.6300        33.7385        1052.6769      
88.00     2.836801e-09   3.108140e-09   8.0000         22.6300        33.7385        1052.6769      
89.00     2.850173e-09   2.660730e-09   8.0000         22.6300        33.7385        1052.6769      
90.00     2.863600e-09   3.368990e-09   8.0000         22.6300        33.7385        1052.6769      
91.00     2.877085e-09   2.645450e-09   8.0000         22.6300        33.7385        1052.6769      
92.00     2.890626e-09   3.090300e-09   8.0000         22.6300        33.7385        1052.6769      
93.00     2.904224e-09   2.615170e-09   8.0000         22.6300        33.7385        1052.6769      
94.00     2.917880e-09   2.137960e-09   8.0000         22.6300        33.7385        1052.6769      
95.00     2.931595e-09   2.630270e-09   8.0000         22.6300        33.7385        1052.6769      
96.00     2.945368e-09   3.054920e-09   8.0000         22.6300        33.7385        1052.6769      
97.00     2.959200e-09   2.707070e-09   8.0000         22.6300        33.7385        1052.6769      
98.00     2.973091e-09   3.349650e-09   8.0000         22.6300        33.7385        1052.6769      
99.00     2.987043e-09   2.738420e-09   8.0000         22.6300        33.7385        1052.6769      
100.00    3.001054e-09   3.292310e-09   8.0000         22.6300        33.7385        1052.6769      
101.00    3.015127e-09   2.818380e-09   8.0000         22.6300        33.7385        1052.6769      
102.00    3.029260e-09   3.388440e-09   8.0000         22.6300        33.7385        1052.6769      
103.00    3.043455e-09   2.770130e-09   8.0000         22.6300        33.7385        1052.6769      
104.00    3.057712e-09   1.872840e-09   8.0000         22.6300        33.7385        1052.6769      
105.00    3.072030e-09   2.786120e-09   8.0000         22.6300        33.7385        1052.6769      
106.00    3.086412e-09   1.862090e-09   8.0000         22.6300        33.7385        1052.6769      
107.00    3.100856e-09   2.884030e-09   8.0000         22.6300        33.7385        1052.6769      
108.00    3.115364e-09   2.676090e-09   8.0000         22.6300        33.7385        1052.6769      
109.00    3.129936e-09   3.019950e-09   8.0000         22.6300        33.7385        1052.6769      
110.00    3.144571e-09   2.137960e-09   8.0000         22.6300        33.7385        1052.6769      
111.00    3.159271e-09   2.968250e-09   8.0000         22.6300        33.7385        1052.6769      
112.00    3.174036e-09   2.385060e-09   8.0000         22.6300        33.7385        1052.6769      
113.00    3.188866e-09   2.900680e-09   8.0000         22.6300        33.7385        1052.6769      
114.00    3.203762e-09   2.660730e-09   8.0000         22.6300        33.7385        1052.6769      
115.00    3.218724e-09   2.884030e-09   8.0000         22.6300        33.7385        1052.6769      
116.00    3.233752e-09   2.225870e-09   8.0000         22.6300        33.7385        1052.6769      
117.00    3.248846e-09   3.002620e-09   8.0000         22.6300        33.7385        1052.6769      
118.00    3.264008e-09   2.150310e-09   8.0000         22.6300        33.7385        1052.6769      
119.00    3.279237e-09   3.002620e-09   8.0000         22.6300        33.7385        1052.6769      
120.00    3.294534e-09   2.018370e-09   8.0000         22.6300        33.7385        1052.6769      
121.00    3.309899e-09   3.198900e-09   8.0000         22.6300        33.7385        1052.6769      
122.00    3.325333e-09   2.125690e-09   8.0000         22.6300        33.7385        1052.6769      
123.00    3.340835e-09   3.235940e-09   8.0000         22.6300        33.7385        1052.6769      
124.00    3.356407e-09   2.137960e-09   8.0000         22.6300        33.7385        1052.6769      
125.00    3.372048e-09   3.198900e-09   8.0000         22.6300        33.7385        1052.6769      
126.00    3.387759e-09   2.884030e-09   8.0000         22.6300        33.7385        1052.6769      
127.00    3.403541e-09   3.292310e-09   8.0000         22.6300        33.7385        1052.6769      
128.00    3.419393e-09   2.540970e-09   8.0000         22.6300        33.7385        1052.6769      
129.00    3.435316e-09   3.198900e-09   8.0000         22.6300        33.7385        1052.6769      
130.00    3.451311e-09   2.317400e-09   8.0000         22.6300        33.7385        1052.6769      
131.00    3.467378e-09   3.330430e-09   8.0000         22.6300        33.7385        1052.6769      
132.00    3.483517e-09   2.101360e-09   8.0000         22.6300        33.7385        1052.6769      
133.00    3.499728e-09   3.235940e-09   8.0000         22.6300        33.7385        1052.6769      
134.00    3.516012e-09   3.388440e-09   8.0000         22.6300        33.7385        1052.6769      
135.00    3.532370e-09   3.180530e-09   8.0000         22.6300        33.7385        1052.6769      
136.00    3.548801e-09   2.251650e-09   8.0000         22.6300        33.7385        1052.6769      
137.00    3.565307e-09   3.180530e-09   8.0000         22.6300        33.7385        1052.6769      
138.00    3.581886e-09   2.290870e-09   8.0000         22.6300        33.7385        1052.6769      
139.00    3.598541e-09   3.235940e-09   8.0000         22.6300        33.7385        1052.6769      
140.00    3.615271e-09   4.004060e-09   8.0000         22.6300        33.7385        1052.6769      
141.00    3.632076e-09   3.217360e-09   8.0000         22.6300        33.7385        1052.6769      
142.00    3.648957e-09   3.981070e-09   8.0000         22.6300        33.7385        1052.6769      
143.00    3.665915e-09   3.368990e-09   8.0000         22.6300        33.7385        1052.6769      
144.00    3.682949e-09   3.589220e-09   8.0000         22.6300        33.7385        1052.6769      
145.00    3.700060e-09   3.235940e-09   8.0000         22.6300        33.7385        1052.6769      
146.00    3.717249e-09   3.548130e-09   8.0000         22.6300        33.7385        1052.6769      
147.00    3.734515e-09   3.349650e-09   8.0000         22.6300        33.7385        1052.6769      
148.00    3.751860e-09   3.736800e-09   8.0000         22.6300        33.7385        1052.6769      
149.00    3.769283e-09   2.585240e-09   8.0000         22.6300        33.7385        1052.6769      
150.00    3.786786e-09   3.589220e-09   8.0000         22.6300        33.7385        1052.6769      
151.00    3.804368e-09   2.511890e-09   8.0000         22.6300        33.7385        1052.6769      
152.00    3.822029e-09   3.487390e-09   8.0000         22.6300        33.7385        1052.6769      
153.00    3.839771e-09   2.707070e-09   8.0000         22.6300        33.7385        1052.6769      
154.00    3.857593e-09   3.447470e-09   8.0000         22.6300        33.7385        1052.6769      
155.00    3.875496e-09   2.540970e-09   8.0000         22.6300        33.7385        1052.6769      
156.00    3.893481e-09   3.349650e-09   8.0000         22.6300        33.7385        1052.6769      
157.00    3.911547e-09   4.441200e-09   8.0000         22.6300        33.7385        1052.6769      
158.00    3.929696e-09   3.507520e-09   8.0000         22.6300        33.7385        1052.6769      
159.00    3.947927e-09   3.780070e-09   8.0000         22.6300        33.7385        1052.6769      
160.01    3.966424e-09   3.315350e-09   8.0000         22.6300        33.7385        1052.6769      
161.01    3.984823e-09   3.707709e-09   8.0000         22.6300        33.7385        1052.6769      
162.01    4.003305e-09   2.959282e-09   8.0000         22.6300        33.7385        1052.6769      
163.01    4.021871e-09   3.746788e-09   8.0000         22.6300        33.7385        1052.6769      
164.01    4.040521e-09   2.611526e-09   8.0000         22.6300        33.7385        1052.6769      
165.01    4.059257e-09   3.737451e-09   8.0000         22.6300        33.7385        1052.6769      
166.01    4.078078e-09   3.801455e-09   8.0000         22.6300        33.7385        1052.6769      
167.01    4.096985e-09   3.764690e-09   8.0000         22.6300        33.7385        1052.6769      
168.01    4.115978e-09   4.383185e-09   8.0000         22.6300        33.7385        1052.6769      
169.01    4.135058e-09   3.664602e-09   8.0000         22.6300        33.7385        1052.6769      
170.01    4.154225e-09   2.859450e-09   8.0000         22.6300        33.7385        1052.6769      
171.01    4.173479e-09   3.703863e-09   8.0000         22.6300        33.7385        1052.6769      
172.01    4.192821e-09   4.665652e-09   8.0000         22.6300        33.7385        1052.6769      
173.01    4.212252e-09   3.515103e-09   8.0000         22.6300        33.7385        1052.6769      
174.01    4.231771e-09   4.260082e-09   8.0000         22.6300        33.7385        1052.6769      
175.01    4.251379e-09   3.697828e-09   8.0000         22.6300        33.7385        1052.6769      
176.01    4.271077e-09   4.070002e-09   8.0000         22.6300        33.7385        1052.6769      
177.01    4.290865e-09   3.696672e-09   8.0000         22.6300        33.7385        1052.6769      
178.01    4.310744e-09   3.954119e-09   8.0000         22.6300        33.7385        1052.6769      
179.01    4.330713e-09   3.554576e-09   8.0000         22.6300        33.7385        1052.6769      
180.01    4.350774e-09   4.181914e-09   8.0000         22.6300        33.7385        1052.6769      
181.01    4.370926e-09   3.118268e-09   8.0000         22.6300        33.7385        1052.6769      
182.01    4.391171e-09   4.107954e-09   8.0000         22.6300        33.7385        1052.6769      
183.01    4.411508e-09   2.830700e-09   8.0000         22.6300        33.7385        1052.6769      
184.01    4.431939e-09   4.043220e-09   8.0000         22.6300        33.7385        1052.6769      
185.01    4.452462e-09   3.337864e-09   8.0000         22.6300        33.7385        1052.6769      
186.01    4.473080e-09   4.063965e-09   8.0000         22.6300        33.7385        1052.6769      
187.01    4.493793e-09   3.098979e-09   8.0000         22.6300        33.7385        1052.6769      
188.01    4.514600e-09   3.948492e-09   8.0000         22.6300        33.7385        1052.6769      
189.01    4.535502e-09   2.995567e-09   8.0000         22.6300        33.7385        1052.6769      
190.01    4.556500e-09   4.006189e-09   8.0000         22.6300        33.7385        1052.6769      
191.01    4.577595e-09   4.214383e-09   8.0000         22.6300        33.7385        1052.6769      
192.01    4.598786e-09   3.970518e-09   8.0000         22.6300        33.7385        1052.6769      
193.01    4.620074e-09   5.175249e-09   8.0000         22.6300        33.7385        1052.6769      
194.01    4.641460e-09   3.922198e-09   8.0000         22.6300        33.7385        1052.6769      
195.01    4.662944e-09   4.833575e-09   8.0000         22.6300        33.7385        1052.6769      
196.01    4.684526e-09   4.017624e-09   8.0000         22.6300        33.7385        1052.6769      
197.01    4.706207e-09   3.082572e-09   8.0000         22.6300        33.7385        1052.6769      
198.01    4.727988e-09   4.064323e-09   8.0000         22.6300        33.7385        1052.6769      
199.01    4.749869e-09   3.135323e-09   8.0000         22.6300        33.7385        1052.6769      
200.01    4.771850e-09   4.039942e-09   8.0000         22.6300        33.7385        1052.6769      
201.01    4.793932e-09   3.015498e-09   8.0000         22.6300        33.7385        1052.6769      
202.01    4.816115e-09   4.279689e-09   8.0000         22.6300        33.7385        1052.6769      
203.01    4.838400e-09   3.227844e-09   8.0000         22.6300        33.7385        1052.6769      
204.01    4.860788e-09   4.266794e-09   8.0000         22.6300        33.7385        1052.6769      
205.01    4.883278e-09   4.363678e-09   8.0000         22.6300        33.7385        1052.6769      
206.01    4.905871e-09   4.209674e-09   8.0000         22.6300        33.7385        1052.6769      
207.01    4.928569e-09   3.495917e-09   8.0000         22.6300        33.7385        1052.6769      
208.01    4.951370e-09   4.329812e-09   8.0000         22.6300        33.7385        1052.6769      
209.01    4.974276e-09   3.321349e-09   8.0000         22.6300        33.7385        1052.6769      
210.01    4.997288e-09   4.305151e-09   8.0000         22.6300        33.7385        1052.6769      
211.01    5.020405e-09   3.323382e-09   8.0000         22.6300        33.7385        1052.6769      
212.01    5.043628e-09   4.507454e-09   8.0000         22.6300        33.7385        1052.6769      
213.01    5.066958e-09   3.418588e-09   8.0000         22.6300        33.7385        1052.6769      
214.01    5.090396e-09   4.459972e-09   8.0000         22.6300        33.7385        1052.6769      
215.01    5.113941e-09   3.787455e-09   8.0000         22.6300        33.7385        1052.6769      
216.01    5.137594e-09   4.512957e-09   8.0000         22.6300        33.7385        1052.6769      
217.01    5.161356e-09   3.964084e-09   8.0000         22.6300        33.7385        1052.6769      
218.01    5.185227e-09   4.536144e-09   8.0000         22.6300        33.7385        1052.6769      
219.01    5.209208e-09   3.701502e-09   8.0000         22.6300        33.7385        1052.6769      
220.01    5.233299e-09   4.431662e-09   8.0000         22.6300        33.7385        1052.6769      
221.01    5.257501e-09   3.497963e-09   8.0000         22.6300        33.7385        1052.6769      
222.01    5.281815e-09   4.536572e-09   8.0000         22.6300        33.7385        1052.6769      
223.01    5.306240e-09   3.747849e-09   8.0000         22.6300        33.7385        1052.6769      
224.01    5.330777e-09   4.830243e-09   8.0000         22.6300        33.7385        1052.6769      
225.01    5.355428e-09   3.705507e-09   8.0000         22.6300        33.7385        1052.6769      
226.01    5.380192e-09   4.829611e-09   8.0000         22.6300        33.7385        1052.6769      
227.01    5.405069e-09   3.642611e-09   8.0000         22.6300        33.7385        1052.6769      
228.01    5.430061e-09   4.811763e-09   8.0000         22.6300        33.7385        1052.6769      
229.01    5.455169e-09   4.600275e-09   8.0000         22.6300        33.7385        1052.6769      
230.01    5.480391e-09   4.890499e-09   8.0000         22.6300        33.7385        1052.6769      
231.01    5.505730e-09   4.175142e-09   8.0000         22.6300        33.7385        1052.6769      
232.01    5.531186e-09   4.805831e-09   8.0000         22.6300        33.7385        1052.6769      
233.01    5.556758e-09   4.013564e-09   8.0000         22.6300        33.7385        1052.6769      
234.01    5.582449e-09   4.944766e-09   8.0000         22.6300        33.7385        1052.6769      
235.01    5.608257e-09   3.991378e-09   8.0000         22.6300        33.7385        1052.6769      
236.01    5.634185e-09   5.002256e-09   8.0000         22.6300        33.7385        1052.6769      
237.01    5.660232e-09   4.062095e-09   8.0000         22.6300        33.7385        1052.6769      
238.01    5.686398e-09   5.215031e-09   8.0000         22.6300        33.7385        1052.6769      
239.01    5.712686e-09   4.928979e-09   8.0000         22.6300        33.7385        1052.6769      
240.01    5.739094e-09   5.215602e-09   8.0000         22.6300        33.7385        1052.6769      
241.01    5.765624e-09   4.986063e-09   8.0000         22.6300        33.7385        1052.6769      
242.01    5.792276e-09   5.275131e-09   8.0000         22.6300        33.7385        1052.6769      
243.01    5.819051e-09   4.953094e-09   8.0000         22.6300        33.7385        1052.6769      
244.01    5.845949e-09   4.815051e-09   8.0000         22.6300        33.7385        1052.6769      
245.01    5.872971e-09   4.919213e-09   8.0000         22.6300        33.7385        1052.6769      
246.01    5.900118e-09   4.248728e-09   8.0000         22.6300        33.7385        1052.6769      
247.01    5.927389e-09   4.973783e-09   8.0000         22.6300        33.7385        1052.6769      
248.01    5.954786e-09   4.060908e-09   8.0000         22.6300        33.7385        1052.6769      
249.01    5.982310e-09   5.093114e-09   8.0000         22.6300        33.7385        1052.6769      
250.01    6.009960e-09   4.498393e-09   8.0000         22.6300        33.7385        1052.6769      
251.01    6.037738e-09   5.072606e-09   8.0000         22.6300        33.7385        1052.6769      
252.01    6.065644e-09   5.338275e-09   8.0000         22.6300        33.7385        1052.6769      
253.01    6.093678e-09   5.222005e-09   8.0000         22.6300        33.7385        1052.6769      
254.01    6.121841e-09   5.620879e-09   8.0000         22.6300        33.7385        1052.6769      
255.01    6.150135e-09   5.357827e-09   8.0000         22.6300        33.7385        1052.6769      
256.01    6.178558e-09   4.133165e-09   8.0000         22.6300        33.7385        1052.6769      
257.01    6.207113e-09   5.332068e-09   8.0000         22.6300        33.7385        1052.6769      
258.01    6.235799e-09   4.605310e-09   8.0000         22.6300        33.7385        1052.6769      
259.01    6.264618e-09   5.396567e-09   8.0000         22.6300        33.7385        1052.6769      
260.01    6.293569e-09   4.936709e-09   8.0000         22.6300        33.7385        1052.6769      
261.01    6.322654e-09   5.982682e-09   8.0000         22.6300        33.7385        1052.6769      
262.01    6.351873e-09   5.169371e-09   8.0000         22.6300        33.7385        1052.6769      
263.01    6.381226e-09   6.262209e-09   8.0000         22.6300        33.7385        1052.6769      
264.01    6.410715e-09   5.171576e-09   8.0000         22.6300        33.7385        1052.6769      
265.01    6.440340e-09   6.482277e-09   8.0000         22.6300        33.7385        1052.6769      
266.01    6.470101e-09   5.354881e-09   8.0000         22.6300        33.7385        1052.6769      
267.01    6.500000e-09   6.865085e-09   8.0000         22.6300        33.7385        1052.6769      
268.01    6.530037e-09   5.541843e-09   8.0000         22.6300        33.7385        1052.6769      
269.01    6.560212e-09   6.985321e-09   8.0000         22.6300        33.7385        1052.6769      
270.01    6.590526e-09   5.681190e-09   8.0000         22.6300        33.7385        1052.6769      
271.01    6.620980e-09   4.960545e-09   8.0000         22.6300        33.7385        1052.6769      
272.01    6.651574e-09   5.557463e-09   8.0000         22.6300        33.7385        1052.6769      
273.01    6.682310e-09   5.403866e-09   8.0000         22.6300        33.7385        1052.6769      
274.01    6.713187e-09   5.655880e-09   8.0000         22.6300        33.7385        1052.6769      
275.01    6.744207e-09   5.657531e-09   8.0000         22.6300        33.7385        1052.6769      
276.01    6.775369e-09   5.819705e-09   8.0000         22.6300        33.7385        1052.6769      
277.01    6.806676e-09   5.698095e-09   8.0000         22.6300        33.7385        1052.6769      
278.01    6.838126e-09   6.634863e-09   8.0000         22.6300        33.7385        1052.6769      
279.01    6.869722e-09   5.636359e-09   8.0000         22.6300        33.7385        1052.6769      
280.01    6.901464e-09   6.906671e-09   8.0000         22.6300        33.7385        1052.6769      
281.01    6.933352e-09   5.772714e-09   8.0000         22.6300        33.7385        1052.6769      
282.01    6.965387e-09   7.567466e-09   8.0000         22.6300        33.7385        1052.6769      
283.01    6.997570e-09   5.769300e-09   8.0000         22.6300        33.7385        1052.6769      
284.01    7.029901e-09   7.232172e-09   8.0000         22.6300        33.7385        1052.6769      
285.01    7.062382e-09   6.041640e-09   8.0000         22.6300        33.7385        1052.6769      
286.01    7.095012e-09   7.612841e-09   8.0000         22.6300        33.7385        1052.6769      
287.01    7.127793e-09   5.946885e-09   8.0000         22.6300        33.7385        1052.6769      
288.01    7.160725e-09   4.992163e-09   8.0000         22.6300        33.7385        1052.6769      
289.01    7.193809e-09   5.879964e-09   8.0000         22.6300        33.7385        1052.6769      
290.01    7.227046e-09   5.048612e-09   8.0000         22.6300        33.7385        1052.6769      
291.01    7.260436e-09   5.820696e-09   8.0000         22.6300        33.7385        1052.6769      
292.01    7.293980e-09   5.791403e-09   8.0000         22.6300        33.7385        1052.6769      
293.01    7.327679e-09   6.171511e-09   8.0000         22.6300        33.7385        1052.6769      
294.01    7.361533e-09   6.716459e-09   8.0000         22.6300        33.7385        1052.6769      
295.01    7.395544e-09   6.179713e-09   8.0000         22.6300        33.7385        1052.6769      
296.01    7.429711e-09   7.528823e-09   8.0000         22.6300        33.7385        1052.6769      
297.01    7.464036e-09   6.191714e-09   8.0000         22.6300        33.7385        1052.6769      
298.01    7.498520e-09   5.227430e-09   8.0000         22.6300        33.7385        1052.6769      
299.01    7.533163e-09   6.156171e-09   8.0000         22.6300        33.7385        1052.6769      
300.01    7.567965e-09   5.198493e-09   8.0000         22.6300        33.7385        1052.6769      
301.01    7.602928e-09   6.229615e-09   8.0000         22.6300        33.7385        1052.6769      
302.01    7.638053e-09   5.473797e-09   8.0000         22.6300        33.7385        1052.6769      
303.01    7.673339e-09   6.445063e-09   8.0000         22.6300        33.7385        1052.6769      
304.01    7.708789e-09   5.319578e-09   8.0000         22.6300        33.7385        1052.6769      
305.01    7.744402e-09   6.375048e-09   8.0000         22.6300        33.7385        1052.6769      
306.01    7.780179e-09   5.631741e-09   8.0000         22.6300        33.7385        1052.6769      
307.01    7.816122e-09   6.448533e-09   8.0000         22.6300        33.7385        1052.6769      
308.01    7.852230e-09   5.665390e-09   8.0000         22.6300        33.7385        1052.6769      
309.01    7.888505e-09   6.602876e-09   8.0000         22.6300        33.7385        1052.6769      
310.01    7.924947e-09   6.204848e-09   8.0000         22.6300        33.7385        1052.6769      
311.01    7.961449e-09   6.527656e-09   7.9945         22.6300        33.7110        1052.6494      
312.01    7.963117e-09   6.169229e-09   7.4456         22.6300        30.9665        1049.9049      
313.01    7.962571e-09   6.493447e-09   7.0057         22.6300        28.7670        1047.7054      
314.01    7.957300e-09   6.466534e-09   6.5735         22.6300        26.6060        1045.5444      
315.01    7.933546e-09   7.444801e-09   5.9256         22.6300        23.3665        1042.3049      
316.01    7.914934e-09   6.363823e-09   5.4835         22.6300        21.1560        1040.0944      
317.01    7.879970e-09   8.108686e-09   4.8357         22.6300        17.9170        1036.8554      
318.01    7.851624e-09   6.177152e-09   4.4057         22.6300        15.7670        1034.7054      
319.01    7.820988e-09   7.276414e-09   3.9738         22.6300        13.6533        1032.5918      
320.01    7.789022e-09   6.299869e-09   3.3589         22.6300        11.6549        1030.5933      
321.01    7.774351e-09   5.349555e-09   3.2500         22.6300        11.3010        1030.2394      
322.01    7.766392e-09   6.337179e-09   3.2500         22.6300        11.3010        1030.2394      
323.01    7.760841e-09   5.474544e-09   3.2500         22.6300        11.3010        1030.2394      
324.01    7.757044e-09   6.524881e-09   3.2486         22.6300        11.2964        1030.2349      
325.01    7.749206e-09   5.894121e-09   3.1058         22.6300        10.8323        1029.7708      
326.01    7.730358e-09   6.456169e-09   2.6878         22.6300        9.4738         1028.4123      
327.01    7.716491e-09   6.420223e-09   2.4700         22.6300        8.7660         1027.7044      
328.01    7.710880e-09   6.490541e-09   2.4700         22.6300        8.7660         1027.7044      
329.01    7.706966e-09   6.177573e-09   2.4700         22.6300        8.7660         1027.7044      
330.01    7.704220e-09   7.316627e-09   2.4700         22.6300        8.7660         1027.7044      
331.01    7.702431e-09   6.156470e-09   2.4700         22.6300        8.7660         1027.7044      
332.01    7.701462e-09   5.227076e-09   2.4700         22.6300        8.7660         1027.7044      
333.01    7.701207e-09   6.122649e-09   2.4700         22.6300        8.7660         1027.7044      
334.01    7.701586e-09   5.350290e-09   2.4700         22.6300        8.7660         1027.7044      
335.01    7.702530e-09   6.415889e-09   2.4700         22.6300        8.7660         1027.7044      
336.01    7.703984e-09   6.069359e-09   2.4700         22.6300        8.7660         1027.7044      
337.01    7.705898e-09   6.949973e-09   2.4700         22.6300        8.7660         1027.7044      
338.01    7.708230e-09   6.151007e-09   2.4700         22.6300        8.7660         1027.7044      
339.01    7.710942e-09   8.156211e-09   2.4700         22.6300        8.7660         1027.7044      
340.01    7.714004e-09   6.283909e-09   2.4700         22.6300        8.7660         1027.7044      
341.01    7.717384e-09   7.319162e-09   2.4700         22.6300        8.7660         1027.7044      
342.01    7.721059e-09   6.420975e-09   2.4700         22.6300        8.7660         1027.7044      
343.01    7.725004e-09   6.567146e-09   2.4700         22.6300        8.7660         1027.7044      
344.01    7.729199e-09   6.380829e-09   2.4700         22.6300        8.7660         1027.7044      
345.01    7.733625e-09   6.201908e-09   2.4700         22.6300        8.7660         1027.7044      
346.01    7.738225e-09   6.230567e-09   2.4667         22.6300        8.7552         1027.6937      
347.01    7.730255e-09   5.566545e-09   2.1356         22.6300        7.6792         1026.6176      
348.01    7.714972e-09   6.300178e-09   1.6935         22.6300        6.2423         1025.1808      
349.01    7.688307e-09   5.378632e-09   1.0456         22.6300        4.1367         1023.0751      
350.01    7.664821e-09   6.193860e-09   0.6056         22.6300        2.7067         1021.6451      
351.01    7.639281e-09   5.441635e-09   0.1683         22.6300        1.2854         1020.2239      
352.01    7.621761e-09   6.334420e-09   0.0000         22.6300        0.7385         1019.6769      
353.01    7.611057e-09   5.199946e-09   0.0000         22.6300        0.7385         1019.6769      
354.01    7.601882e-09   6.370694e-09   0.0000         22.6300        0.7385         1019.6769      
355.01    7.593730e-09   5.198854e-09   0.0000         22.6300        0.7385         1019.6769      
356.01    7.586386e-09   6.262806e-09   0.0000         22.6300        0.7385         1019.6769      
357.01    7.579714e-09   5.228866e-09   0.0000         22.6300        0.7385         1019.6769      
358.01    7.573616e-09   6.307078e-09   0.0000         22.6300        0.7385         1019.6769      
359.01    7.568019e-09   6.062510e-09   0.0000         22.6300        0.7385         1019.6769      
360.01    7.562864e-09   6.270882e-09   0.0000         22.6300        0.7385         1019.6769      
361.01    7.558103e-09   6.025600e-09   0.0000         22.6300        0.7385         1019.6769      
CPU TIME: 0.0266 seconds.
